14-10-2018 08:23:11:878 phase1 [INFO] : List of users: [user0, user1, user2, user3, user4]
14-10-2018 08:23:11:974 phase1 [INFO] : List of operations:
[AddOperation [recipe=[ftyqqryp, Content--ftyqqryp, user0], timestamp=user0:   0], AddOperation [recipe=[vgrxismv, Content--vgrxismv, user2], timestamp=user2:   0], AddOperation [recipe=[mrtsccko, Content--mrtsccko, user1], timestamp=user1:   0], AddOperation [recipe=[mtxhcsxk, Content--mtxhcsxk, user4], timestamp=user4:   0], AddOperation [recipe=[igutjmas, Content--igutjmas, user2], timestamp=user2:   1], AddOperation [recipe=[enwxuoaq, Content--enwxuoaq, user2], timestamp=user2:   2], AddOperation [recipe=[naenayif, Content--naenayif, user3], timestamp=user3:   0], AddOperation [recipe=[paqhlrar, Content--paqhlrar, user3], timestamp=user3:   1], AddOperation [recipe=[guimxcvn, Content--guimxcvn, user4], timestamp=user4:   1], AddOperation [recipe=[brqcmawf, Content--brqcmawf, user3], timestamp=user3:   2], AddOperation [recipe=[wvfvcioe, Content--wvfvcioe, user0], timestamp=user0:   1], AddOperation [recipe=[jdpmsrot, Content--jdpmsrot, user4], timestamp=user4:   2], AddOperation [recipe=[bycjuiap, Content--bycjuiap, user2], timestamp=user2:   3], AddOperation [recipe=[prrrbyyq, Content--prrrbyyq, user4], timestamp=user4:   3], AddOperation [recipe=[ayxlnxfj, Content--ayxlnxfj, user0], timestamp=user0:   2], AddOperation [recipe=[fbybqmkf, Content--fbybqmkf, user1], timestamp=user1:   1], AddOperation [recipe=[clibbrbl, Content--clibbrbl, user2], timestamp=user2:   4], AddOperation [recipe=[qycxccpi, Content--qycxccpi, user1], timestamp=user1:   2], AddOperation [recipe=[jeqkicvn, Content--jeqkicvn, user0], timestamp=user0:   3], AddOperation [recipe=[gsktxxsh, Content--gsktxxsh, user1], timestamp=user1:   3], AddOperation [recipe=[nhmswiev, Content--nhmswiev, user4], timestamp=user4:   4], AddOperation [recipe=[gjtvehkq, Content--gjtvehkq, user0], timestamp=user0:   4], AddOperation [recipe=[rlretsfx, Content--rlretsfx, user2], timestamp=user2:   5], AddOperation [recipe=[hnsfjsrm, Content--hnsfjsrm, user0], timestamp=user0:   5], AddOperation [recipe=[dtuaotah, Content--dtuaotah, user4], timestamp=user4:   5], AddOperation [recipe=[vqkrfrdd, Content--vqkrfrdd, user2], timestamp=user2:   6], AddOperation [recipe=[hlvdoryn, Content--hlvdoryn, user1], timestamp=user1:   4], AddOperation [recipe=[srhvddam, Content--srhvddam, user2], timestamp=user2:   7], AddOperation [recipe=[jfyqttss, Content--jfyqttss, user4], timestamp=user4:   6], AddOperation [recipe=[tustxmqr, Content--tustxmqr, user0], timestamp=user0:   6], AddOperation [recipe=[vribeukc, Content--vribeukc, user3], timestamp=user3:   3], AddOperation [recipe=[xakmtotn, Content--xakmtotn, user4], timestamp=user4:   7], AddOperation [recipe=[skotncrs, Content--skotncrs, user2], timestamp=user2:   8], AddOperation [recipe=[tluqowex, Content--tluqowex, user2], timestamp=user2:   9], AddOperation [recipe=[lupjjovh, Content--lupjjovh, user3], timestamp=user3:   4], AddOperation [recipe=[qbmyxmeo, Content--qbmyxmeo, user3], timestamp=user3:   5], AddOperation [recipe=[ooqduvgv, Content--ooqduvgv, user4], timestamp=user4:   8], AddOperation [recipe=[hauelsfc, Content--hauelsfc, user1], timestamp=user1:   5], AddOperation [recipe=[jvuacyfw, Content--jvuacyfw, user3], timestamp=user3:   6], AddOperation [recipe=[kpetxjqi, Content--kpetxjqi, user1], timestamp=user1:   6], AddOperation [recipe=[fdfyucma, Content--fdfyucma, user2], timestamp=user2:   10], AddOperation [recipe=[lvckthrq, Content--lvckthrq, user4], timestamp=user4:   9], AddOperation [recipe=[booxoevo, Content--booxoevo, user3], timestamp=user3:   7], AddOperation [recipe=[pytljyec, Content--pytljyec, user4], timestamp=user4:   10], AddOperation [recipe=[cefxgrfy, Content--cefxgrfy, user3], timestamp=user3:   8], AddOperation [recipe=[nikvppdg, Content--nikvppdg, user3], timestamp=user3:   9], AddOperation [recipe=[phmfgbsu, Content--phmfgbsu, user3], timestamp=user3:   10], AddOperation [recipe=[fewjqkrh, Content--fewjqkrh, user3], timestamp=user3:   11], AddOperation [recipe=[yjcaeuhb, Content--yjcaeuhb, user1], timestamp=user1:   7], AddOperation [recipe=[roppuwew, Content--roppuwew, user4], timestamp=user4:   11]]
14-10-2018 08:23:11:976 phase1 [TRACE] : Inserting into Log the operation: AddOperation [recipe=[ftyqqryp, Content--ftyqqryp, user0], timestamp=user0:   0]
14-10-2018 08:23:11:976 phase1 [TRACE] : Log updated:

14-10-2018 08:23:11:977 phase1 [TRACE] : Updating the TimestampVectorInserting with the timestamp: user0:   0
14-10-2018 08:23:11:978 phase1 [TRACE] : Summary updated:
user1:   -1000
user2:   -1000
user0:   -1000
user3:   -1000
user4:   -1000

14-10-2018 08:23:11:978 phase1 [TRACE] : Inserting into Log the operation: AddOperation [recipe=[vgrxismv, Content--vgrxismv, user2], timestamp=user2:   0]
14-10-2018 08:23:11:978 phase1 [TRACE] : Log updated:

14-10-2018 08:23:11:978 phase1 [TRACE] : Updating the TimestampVectorInserting with the timestamp: user2:   0
14-10-2018 08:23:11:979 phase1 [TRACE] : Summary updated:
user1:   -1000
user2:   -1000
user0:   -1000
user3:   -1000
user4:   -1000

14-10-2018 08:23:11:980 phase1 [TRACE] : Inserting into Log the operation: AddOperation [recipe=[mrtsccko, Content--mrtsccko, user1], timestamp=user1:   0]
14-10-2018 08:23:11:981 phase1 [TRACE] : Log updated:

14-10-2018 08:23:11:981 phase1 [TRACE] : Updating the TimestampVectorInserting with the timestamp: user1:   0
14-10-2018 08:23:11:981 phase1 [TRACE] : Summary updated:
user1:   -1000
user2:   -1000
user0:   -1000
user3:   -1000
user4:   -1000

14-10-2018 08:23:11:982 phase1 [TRACE] : Inserting into Log the operation: AddOperation [recipe=[mtxhcsxk, Content--mtxhcsxk, user4], timestamp=user4:   0]
14-10-2018 08:23:11:983 phase1 [TRACE] : Log updated:

14-10-2018 08:23:11:984 phase1 [TRACE] : Updating the TimestampVectorInserting with the timestamp: user4:   0
14-10-2018 08:23:11:987 phase1 [TRACE] : Summary updated:
user1:   -1000
user2:   -1000
user0:   -1000
user3:   -1000
user4:   -1000

14-10-2018 08:23:11:988 phase1 [TRACE] : Inserting into Log the operation: AddOperation [recipe=[igutjmas, Content--igutjmas, user2], timestamp=user2:   1]
14-10-2018 08:23:11:989 phase1 [TRACE] : Log updated:

14-10-2018 08:23:11:990 phase1 [TRACE] : Updating the TimestampVectorInserting with the timestamp: user2:   1
14-10-2018 08:23:11:990 phase1 [TRACE] : Summary updated:
user1:   -1000
user2:   -1000
user0:   -1000
user3:   -1000
user4:   -1000

14-10-2018 08:23:11:991 phase1 [TRACE] : Inserting into Log the operation: AddOperation [recipe=[enwxuoaq, Content--enwxuoaq, user2], timestamp=user2:   2]
14-10-2018 08:23:11:991 phase1 [TRACE] : Log updated:

14-10-2018 08:23:11:992 phase1 [TRACE] : Updating the TimestampVectorInserting with the timestamp: user2:   2
14-10-2018 08:23:11:992 phase1 [TRACE] : Summary updated:
user1:   -1000
user2:   -1000
user0:   -1000
user3:   -1000
user4:   -1000

14-10-2018 08:23:11:993 phase1 [TRACE] : Inserting into Log the operation: AddOperation [recipe=[naenayif, Content--naenayif, user3], timestamp=user3:   0]
14-10-2018 08:23:11:993 phase1 [TRACE] : Log updated:

14-10-2018 08:23:11:994 phase1 [TRACE] : Updating the TimestampVectorInserting with the timestamp: user3:   0
14-10-2018 08:23:11:998 phase1 [TRACE] : Summary updated:
user1:   -1000
user2:   -1000
user0:   -1000
user3:   -1000
user4:   -1000

14-10-2018 08:23:12:001 phase1 [TRACE] : Inserting into Log the operation: AddOperation [recipe=[paqhlrar, Content--paqhlrar, user3], timestamp=user3:   1]
14-10-2018 08:23:12:001 phase1 [TRACE] : Log updated:

14-10-2018 08:23:12:001 phase1 [TRACE] : Updating the TimestampVectorInserting with the timestamp: user3:   1
14-10-2018 08:23:12:001 phase1 [TRACE] : Summary updated:
user1:   -1000
user2:   -1000
user0:   -1000
user3:   -1000
user4:   -1000

14-10-2018 08:23:12:002 phase1 [TRACE] : Inserting into Log the operation: AddOperation [recipe=[guimxcvn, Content--guimxcvn, user4], timestamp=user4:   1]
14-10-2018 08:23:12:002 phase1 [TRACE] : Log updated:

14-10-2018 08:23:12:002 phase1 [TRACE] : Updating the TimestampVectorInserting with the timestamp: user4:   1
14-10-2018 08:23:12:002 phase1 [TRACE] : Summary updated:
user1:   -1000
user2:   -1000
user0:   -1000
user3:   -1000
user4:   -1000

14-10-2018 08:23:12:003 phase1 [TRACE] : Inserting into Log the operation: AddOperation [recipe=[brqcmawf, Content--brqcmawf, user3], timestamp=user3:   2]
14-10-2018 08:23:12:004 phase1 [TRACE] : Log updated:

14-10-2018 08:23:12:007 phase1 [TRACE] : Updating the TimestampVectorInserting with the timestamp: user3:   2
14-10-2018 08:23:12:008 phase1 [TRACE] : Summary updated:
user1:   -1000
user2:   -1000
user0:   -1000
user3:   -1000
user4:   -1000

14-10-2018 08:23:12:009 phase1 [TRACE] : Inserting into Log the operation: AddOperation [recipe=[wvfvcioe, Content--wvfvcioe, user0], timestamp=user0:   1]
14-10-2018 08:23:12:009 phase1 [TRACE] : Log updated:

14-10-2018 08:23:12:009 phase1 [TRACE] : Updating the TimestampVectorInserting with the timestamp: user0:   1
14-10-2018 08:23:12:010 phase1 [TRACE] : Summary updated:
user1:   -1000
user2:   -1000
user0:   -1000
user3:   -1000
user4:   -1000

14-10-2018 08:23:12:010 phase1 [TRACE] : Inserting into Log the operation: AddOperation [recipe=[jdpmsrot, Content--jdpmsrot, user4], timestamp=user4:   2]
14-10-2018 08:23:12:013 phase1 [TRACE] : Log updated:

14-10-2018 08:23:12:013 phase1 [TRACE] : Updating the TimestampVectorInserting with the timestamp: user4:   2
14-10-2018 08:23:12:014 phase1 [TRACE] : Summary updated:
user1:   -1000
user2:   -1000
user0:   -1000
user3:   -1000
user4:   -1000

14-10-2018 08:23:12:015 phase1 [TRACE] : Inserting into Log the operation: AddOperation [recipe=[bycjuiap, Content--bycjuiap, user2], timestamp=user2:   3]
14-10-2018 08:23:12:015 phase1 [TRACE] : Log updated:

14-10-2018 08:23:12:015 phase1 [TRACE] : Updating the TimestampVectorInserting with the timestamp: user2:   3
14-10-2018 08:23:12:017 phase1 [TRACE] : Summary updated:
user1:   -1000
user2:   -1000
user0:   -1000
user3:   -1000
user4:   -1000

14-10-2018 08:23:12:018 phase1 [TRACE] : Inserting into Log the operation: AddOperation [recipe=[prrrbyyq, Content--prrrbyyq, user4], timestamp=user4:   3]
14-10-2018 08:23:12:018 phase1 [TRACE] : Log updated:

14-10-2018 08:23:12:019 phase1 [TRACE] : Updating the TimestampVectorInserting with the timestamp: user4:   3
14-10-2018 08:23:12:019 phase1 [TRACE] : Summary updated:
user1:   -1000
user2:   -1000
user0:   -1000
user3:   -1000
user4:   -1000

14-10-2018 08:23:12:019 phase1 [TRACE] : Inserting into Log the operation: AddOperation [recipe=[ayxlnxfj, Content--ayxlnxfj, user0], timestamp=user0:   2]
14-10-2018 08:23:12:019 phase1 [TRACE] : Log updated:

14-10-2018 08:23:12:019 phase1 [TRACE] : Updating the TimestampVectorInserting with the timestamp: user0:   2
14-10-2018 08:23:12:025 phase1 [TRACE] : Summary updated:
user1:   -1000
user2:   -1000
user0:   -1000
user3:   -1000
user4:   -1000

14-10-2018 08:23:12:025 phase1 [TRACE] : Inserting into Log the operation: AddOperation [recipe=[fbybqmkf, Content--fbybqmkf, user1], timestamp=user1:   1]
14-10-2018 08:23:12:025 phase1 [TRACE] : Log updated:

14-10-2018 08:23:12:026 phase1 [TRACE] : Updating the TimestampVectorInserting with the timestamp: user1:   1
14-10-2018 08:23:12:026 phase1 [TRACE] : Summary updated:
user1:   -1000
user2:   -1000
user0:   -1000
user3:   -1000
user4:   -1000

14-10-2018 08:23:12:026 phase1 [TRACE] : Inserting into Log the operation: AddOperation [recipe=[clibbrbl, Content--clibbrbl, user2], timestamp=user2:   4]
14-10-2018 08:23:12:030 phase1 [TRACE] : Log updated:

14-10-2018 08:23:12:030 phase1 [TRACE] : Updating the TimestampVectorInserting with the timestamp: user2:   4
14-10-2018 08:23:12:031 phase1 [TRACE] : Summary updated:
user1:   -1000
user2:   -1000
user0:   -1000
user3:   -1000
user4:   -1000

14-10-2018 08:23:12:031 phase1 [TRACE] : Inserting into Log the operation: AddOperation [recipe=[qycxccpi, Content--qycxccpi, user1], timestamp=user1:   2]
14-10-2018 08:23:12:031 phase1 [TRACE] : Log updated:

14-10-2018 08:23:12:031 phase1 [TRACE] : Updating the TimestampVectorInserting with the timestamp: user1:   2
14-10-2018 08:23:12:031 phase1 [TRACE] : Summary updated:
user1:   -1000
user2:   -1000
user0:   -1000
user3:   -1000
user4:   -1000

14-10-2018 08:23:12:032 phase1 [TRACE] : Inserting into Log the operation: AddOperation [recipe=[jeqkicvn, Content--jeqkicvn, user0], timestamp=user0:   3]
14-10-2018 08:23:12:032 phase1 [TRACE] : Log updated:

14-10-2018 08:23:12:032 phase1 [TRACE] : Updating the TimestampVectorInserting with the timestamp: user0:   3
14-10-2018 08:23:12:032 phase1 [TRACE] : Summary updated:
user1:   -1000
user2:   -1000
user0:   -1000
user3:   -1000
user4:   -1000

14-10-2018 08:23:12:032 phase1 [TRACE] : Inserting into Log the operation: AddOperation [recipe=[gsktxxsh, Content--gsktxxsh, user1], timestamp=user1:   3]
14-10-2018 08:23:12:037 phase1 [TRACE] : Log updated:

14-10-2018 08:23:12:037 phase1 [TRACE] : Updating the TimestampVectorInserting with the timestamp: user1:   3
14-10-2018 08:23:12:037 phase1 [TRACE] : Summary updated:
user1:   -1000
user2:   -1000
user0:   -1000
user3:   -1000
user4:   -1000

14-10-2018 08:23:12:037 phase1 [TRACE] : Inserting into Log the operation: AddOperation [recipe=[nhmswiev, Content--nhmswiev, user4], timestamp=user4:   4]
14-10-2018 08:23:12:037 phase1 [TRACE] : Log updated:

14-10-2018 08:23:12:038 phase1 [TRACE] : Updating the TimestampVectorInserting with the timestamp: user4:   4
14-10-2018 08:23:12:038 phase1 [TRACE] : Summary updated:
user1:   -1000
user2:   -1000
user0:   -1000
user3:   -1000
user4:   -1000

14-10-2018 08:23:12:038 phase1 [TRACE] : Inserting into Log the operation: AddOperation [recipe=[gjtvehkq, Content--gjtvehkq, user0], timestamp=user0:   4]
14-10-2018 08:23:12:038 phase1 [TRACE] : Log updated:

14-10-2018 08:23:12:039 phase1 [TRACE] : Updating the TimestampVectorInserting with the timestamp: user0:   4
14-10-2018 08:23:12:039 phase1 [TRACE] : Summary updated:
user1:   -1000
user2:   -1000
user0:   -1000
user3:   -1000
user4:   -1000

14-10-2018 08:23:12:039 phase1 [TRACE] : Inserting into Log the operation: AddOperation [recipe=[rlretsfx, Content--rlretsfx, user2], timestamp=user2:   5]
14-10-2018 08:23:12:039 phase1 [TRACE] : Log updated:

14-10-2018 08:23:12:040 phase1 [TRACE] : Updating the TimestampVectorInserting with the timestamp: user2:   5
14-10-2018 08:23:12:040 phase1 [TRACE] : Summary updated:
user1:   -1000
user2:   -1000
user0:   -1000
user3:   -1000
user4:   -1000

14-10-2018 08:23:12:040 phase1 [TRACE] : Inserting into Log the operation: AddOperation [recipe=[hnsfjsrm, Content--hnsfjsrm, user0], timestamp=user0:   5]
14-10-2018 08:23:12:040 phase1 [TRACE] : Log updated:

14-10-2018 08:23:12:042 phase1 [TRACE] : Updating the TimestampVectorInserting with the timestamp: user0:   5
14-10-2018 08:23:12:043 phase1 [TRACE] : Summary updated:
user1:   -1000
user2:   -1000
user0:   -1000
user3:   -1000
user4:   -1000

14-10-2018 08:23:12:043 phase1 [TRACE] : Inserting into Log the operation: AddOperation [recipe=[dtuaotah, Content--dtuaotah, user4], timestamp=user4:   5]
14-10-2018 08:23:12:043 phase1 [TRACE] : Log updated:

14-10-2018 08:23:12:045 phase1 [TRACE] : Updating the TimestampVectorInserting with the timestamp: user4:   5
14-10-2018 08:23:12:045 phase1 [TRACE] : Summary updated:
user1:   -1000
user2:   -1000
user0:   -1000
user3:   -1000
user4:   -1000

14-10-2018 08:23:12:045 phase1 [TRACE] : Inserting into Log the operation: AddOperation [recipe=[vqkrfrdd, Content--vqkrfrdd, user2], timestamp=user2:   6]
14-10-2018 08:23:12:045 phase1 [TRACE] : Log updated:

14-10-2018 08:23:12:046 phase1 [TRACE] : Updating the TimestampVectorInserting with the timestamp: user2:   6
14-10-2018 08:23:12:046 phase1 [TRACE] : Summary updated:
user1:   -1000
user2:   -1000
user0:   -1000
user3:   -1000
user4:   -1000

14-10-2018 08:23:12:052 phase1 [TRACE] : Inserting into Log the operation: AddOperation [recipe=[hlvdoryn, Content--hlvdoryn, user1], timestamp=user1:   4]
14-10-2018 08:23:12:052 phase1 [TRACE] : Log updated:

14-10-2018 08:23:12:052 phase1 [TRACE] : Updating the TimestampVectorInserting with the timestamp: user1:   4
14-10-2018 08:23:12:053 phase1 [TRACE] : Summary updated:
user1:   -1000
user2:   -1000
user0:   -1000
user3:   -1000
user4:   -1000

14-10-2018 08:23:12:053 phase1 [TRACE] : Inserting into Log the operation: AddOperation [recipe=[srhvddam, Content--srhvddam, user2], timestamp=user2:   7]
14-10-2018 08:23:12:053 phase1 [TRACE] : Log updated:

14-10-2018 08:23:12:053 phase1 [TRACE] : Updating the TimestampVectorInserting with the timestamp: user2:   7
14-10-2018 08:23:12:054 phase1 [TRACE] : Summary updated:
user1:   -1000
user2:   -1000
user0:   -1000
user3:   -1000
user4:   -1000

14-10-2018 08:23:12:054 phase1 [TRACE] : Inserting into Log the operation: AddOperation [recipe=[jfyqttss, Content--jfyqttss, user4], timestamp=user4:   6]
14-10-2018 08:23:12:054 phase1 [TRACE] : Log updated:

14-10-2018 08:23:12:054 phase1 [TRACE] : Updating the TimestampVectorInserting with the timestamp: user4:   6
14-10-2018 08:23:12:054 phase1 [TRACE] : Summary updated:
user1:   -1000
user2:   -1000
user0:   -1000
user3:   -1000
user4:   -1000

14-10-2018 08:23:12:055 phase1 [TRACE] : Inserting into Log the operation: AddOperation [recipe=[tustxmqr, Content--tustxmqr, user0], timestamp=user0:   6]
14-10-2018 08:23:12:055 phase1 [TRACE] : Log updated:

14-10-2018 08:23:12:055 phase1 [TRACE] : Updating the TimestampVectorInserting with the timestamp: user0:   6
14-10-2018 08:23:12:055 phase1 [TRACE] : Summary updated:
user1:   -1000
user2:   -1000
user0:   -1000
user3:   -1000
user4:   -1000

14-10-2018 08:23:12:055 phase1 [TRACE] : Inserting into Log the operation: AddOperation [recipe=[vribeukc, Content--vribeukc, user3], timestamp=user3:   3]
14-10-2018 08:23:12:056 phase1 [TRACE] : Log updated:

14-10-2018 08:23:12:056 phase1 [TRACE] : Updating the TimestampVectorInserting with the timestamp: user3:   3
14-10-2018 08:23:12:056 phase1 [TRACE] : Summary updated:
user1:   -1000
user2:   -1000
user0:   -1000
user3:   -1000
user4:   -1000

14-10-2018 08:23:12:065 phase1 [TRACE] : Inserting into Log the operation: AddOperation [recipe=[xakmtotn, Content--xakmtotn, user4], timestamp=user4:   7]
14-10-2018 08:23:12:065 phase1 [TRACE] : Log updated:

14-10-2018 08:23:12:066 phase1 [TRACE] : Updating the TimestampVectorInserting with the timestamp: user4:   7
14-10-2018 08:23:12:066 phase1 [TRACE] : Summary updated:
user1:   -1000
user2:   -1000
user0:   -1000
user3:   -1000
user4:   -1000

14-10-2018 08:23:12:066 phase1 [TRACE] : Inserting into Log the operation: AddOperation [recipe=[skotncrs, Content--skotncrs, user2], timestamp=user2:   8]
14-10-2018 08:23:12:066 phase1 [TRACE] : Log updated:

14-10-2018 08:23:12:066 phase1 [TRACE] : Updating the TimestampVectorInserting with the timestamp: user2:   8
14-10-2018 08:23:12:067 phase1 [TRACE] : Summary updated:
user1:   -1000
user2:   -1000
user0:   -1000
user3:   -1000
user4:   -1000

14-10-2018 08:23:12:067 phase1 [TRACE] : Inserting into Log the operation: AddOperation [recipe=[tluqowex, Content--tluqowex, user2], timestamp=user2:   9]
14-10-2018 08:23:12:067 phase1 [TRACE] : Log updated:

14-10-2018 08:23:12:067 phase1 [TRACE] : Updating the TimestampVectorInserting with the timestamp: user2:   9
14-10-2018 08:23:12:067 phase1 [TRACE] : Summary updated:
user1:   -1000
user2:   -1000
user0:   -1000
user3:   -1000
user4:   -1000

14-10-2018 08:23:12:067 phase1 [TRACE] : Inserting into Log the operation: AddOperation [recipe=[lupjjovh, Content--lupjjovh, user3], timestamp=user3:   4]
14-10-2018 08:23:12:069 phase1 [TRACE] : Log updated:

14-10-2018 08:23:12:070 phase1 [TRACE] : Updating the TimestampVectorInserting with the timestamp: user3:   4
14-10-2018 08:23:12:070 phase1 [TRACE] : Summary updated:
user1:   -1000
user2:   -1000
user0:   -1000
user3:   -1000
user4:   -1000

14-10-2018 08:23:12:070 phase1 [TRACE] : Inserting into Log the operation: AddOperation [recipe=[qbmyxmeo, Content--qbmyxmeo, user3], timestamp=user3:   5]
14-10-2018 08:23:12:071 phase1 [TRACE] : Log updated:

14-10-2018 08:23:12:071 phase1 [TRACE] : Updating the TimestampVectorInserting with the timestamp: user3:   5
14-10-2018 08:23:12:071 phase1 [TRACE] : Summary updated:
user1:   -1000
user2:   -1000
user0:   -1000
user3:   -1000
user4:   -1000

14-10-2018 08:23:12:072 phase1 [TRACE] : Inserting into Log the operation: AddOperation [recipe=[ooqduvgv, Content--ooqduvgv, user4], timestamp=user4:   8]
14-10-2018 08:23:12:072 phase1 [TRACE] : Log updated:

14-10-2018 08:23:12:072 phase1 [TRACE] : Updating the TimestampVectorInserting with the timestamp: user4:   8
14-10-2018 08:23:12:072 phase1 [TRACE] : Summary updated:
user1:   -1000
user2:   -1000
user0:   -1000
user3:   -1000
user4:   -1000

14-10-2018 08:23:12:076 phase1 [TRACE] : Inserting into Log the operation: AddOperation [recipe=[hauelsfc, Content--hauelsfc, user1], timestamp=user1:   5]
14-10-2018 08:23:12:077 phase1 [TRACE] : Log updated:

14-10-2018 08:23:12:077 phase1 [TRACE] : Updating the TimestampVectorInserting with the timestamp: user1:   5
14-10-2018 08:23:12:077 phase1 [TRACE] : Summary updated:
user1:   -1000
user2:   -1000
user0:   -1000
user3:   -1000
user4:   -1000

14-10-2018 08:23:12:078 phase1 [TRACE] : Inserting into Log the operation: AddOperation [recipe=[jvuacyfw, Content--jvuacyfw, user3], timestamp=user3:   6]
14-10-2018 08:23:12:079 phase1 [TRACE] : Log updated:

14-10-2018 08:23:12:080 phase1 [TRACE] : Updating the TimestampVectorInserting with the timestamp: user3:   6
14-10-2018 08:23:12:082 phase1 [TRACE] : Summary updated:
user1:   -1000
user2:   -1000
user0:   -1000
user3:   -1000
user4:   -1000

14-10-2018 08:23:12:082 phase1 [TRACE] : Inserting into Log the operation: AddOperation [recipe=[kpetxjqi, Content--kpetxjqi, user1], timestamp=user1:   6]
14-10-2018 08:23:12:082 phase1 [TRACE] : Log updated:

14-10-2018 08:23:12:082 phase1 [TRACE] : Updating the TimestampVectorInserting with the timestamp: user1:   6
14-10-2018 08:23:12:083 phase1 [TRACE] : Summary updated:
user1:   -1000
user2:   -1000
user0:   -1000
user3:   -1000
user4:   -1000

14-10-2018 08:23:12:083 phase1 [TRACE] : Inserting into Log the operation: AddOperation [recipe=[fdfyucma, Content--fdfyucma, user2], timestamp=user2:   10]
14-10-2018 08:23:12:083 phase1 [TRACE] : Log updated:

14-10-2018 08:23:12:083 phase1 [TRACE] : Updating the TimestampVectorInserting with the timestamp: user2:   10
14-10-2018 08:23:12:083 phase1 [TRACE] : Summary updated:
user1:   -1000
user2:   -1000
user0:   -1000
user3:   -1000
user4:   -1000

14-10-2018 08:23:12:084 phase1 [TRACE] : Inserting into Log the operation: AddOperation [recipe=[lvckthrq, Content--lvckthrq, user4], timestamp=user4:   9]
14-10-2018 08:23:12:084 phase1 [TRACE] : Log updated:

14-10-2018 08:23:12:084 phase1 [TRACE] : Updating the TimestampVectorInserting with the timestamp: user4:   9
14-10-2018 08:23:12:084 phase1 [TRACE] : Summary updated:
user1:   -1000
user2:   -1000
user0:   -1000
user3:   -1000
user4:   -1000

14-10-2018 08:23:12:091 phase1 [TRACE] : Inserting into Log the operation: AddOperation [recipe=[booxoevo, Content--booxoevo, user3], timestamp=user3:   7]
14-10-2018 08:23:12:091 phase1 [TRACE] : Log updated:

14-10-2018 08:23:12:091 phase1 [TRACE] : Updating the TimestampVectorInserting with the timestamp: user3:   7
14-10-2018 08:23:12:092 phase1 [TRACE] : Summary updated:
user1:   -1000
user2:   -1000
user0:   -1000
user3:   -1000
user4:   -1000

14-10-2018 08:23:12:092 phase1 [TRACE] : Inserting into Log the operation: AddOperation [recipe=[pytljyec, Content--pytljyec, user4], timestamp=user4:   10]
14-10-2018 08:23:12:092 phase1 [TRACE] : Log updated:

14-10-2018 08:23:12:092 phase1 [TRACE] : Updating the TimestampVectorInserting with the timestamp: user4:   10
14-10-2018 08:23:12:092 phase1 [TRACE] : Summary updated:
user1:   -1000
user2:   -1000
user0:   -1000
user3:   -1000
user4:   -1000

14-10-2018 08:23:12:093 phase1 [TRACE] : Inserting into Log the operation: AddOperation [recipe=[cefxgrfy, Content--cefxgrfy, user3], timestamp=user3:   8]
14-10-2018 08:23:12:099 phase1 [TRACE] : Log updated:

14-10-2018 08:23:12:099 phase1 [TRACE] : Updating the TimestampVectorInserting with the timestamp: user3:   8
14-10-2018 08:23:12:099 phase1 [TRACE] : Summary updated:
user1:   -1000
user2:   -1000
user0:   -1000
user3:   -1000
user4:   -1000

14-10-2018 08:23:12:100 phase1 [TRACE] : Inserting into Log the operation: AddOperation [recipe=[nikvppdg, Content--nikvppdg, user3], timestamp=user3:   9]
14-10-2018 08:23:12:100 phase1 [TRACE] : Log updated:

14-10-2018 08:23:12:100 phase1 [TRACE] : Updating the TimestampVectorInserting with the timestamp: user3:   9
14-10-2018 08:23:12:100 phase1 [TRACE] : Summary updated:
user1:   -1000
user2:   -1000
user0:   -1000
user3:   -1000
user4:   -1000

14-10-2018 08:23:12:100 phase1 [TRACE] : Inserting into Log the operation: AddOperation [recipe=[phmfgbsu, Content--phmfgbsu, user3], timestamp=user3:   10]
14-10-2018 08:23:12:101 phase1 [TRACE] : Log updated:

14-10-2018 08:23:12:104 phase1 [TRACE] : Updating the TimestampVectorInserting with the timestamp: user3:   10
14-10-2018 08:23:12:104 phase1 [TRACE] : Summary updated:
user1:   -1000
user2:   -1000
user0:   -1000
user3:   -1000
user4:   -1000

14-10-2018 08:23:12:104 phase1 [TRACE] : Inserting into Log the operation: AddOperation [recipe=[fewjqkrh, Content--fewjqkrh, user3], timestamp=user3:   11]
14-10-2018 08:23:12:105 phase1 [TRACE] : Log updated:

14-10-2018 08:23:12:107 phase1 [TRACE] : Updating the TimestampVectorInserting with the timestamp: user3:   11
14-10-2018 08:23:12:107 phase1 [TRACE] : Summary updated:
user1:   -1000
user2:   -1000
user0:   -1000
user3:   -1000
user4:   -1000

14-10-2018 08:23:12:107 phase1 [TRACE] : Inserting into Log the operation: AddOperation [recipe=[yjcaeuhb, Content--yjcaeuhb, user1], timestamp=user1:   7]
14-10-2018 08:23:12:108 phase1 [TRACE] : Log updated:

14-10-2018 08:23:12:108 phase1 [TRACE] : Updating the TimestampVectorInserting with the timestamp: user1:   7
14-10-2018 08:23:12:108 phase1 [TRACE] : Summary updated:
user1:   -1000
user2:   -1000
user0:   -1000
user3:   -1000
user4:   -1000

14-10-2018 08:23:12:108 phase1 [TRACE] : Inserting into Log the operation: AddOperation [recipe=[roppuwew, Content--roppuwew, user4], timestamp=user4:   11]
14-10-2018 08:23:12:108 phase1 [TRACE] : Log updated:

14-10-2018 08:23:12:108 phase1 [TRACE] : Updating the TimestampVectorInserting with the timestamp: user4:   11
14-10-2018 08:23:12:109 phase1 [TRACE] : Summary updated:
user1:   -1000
user2:   -1000
user0:   -1000
user3:   -1000
user4:   -1000

14-10-2018 08:23:12:109 phase1 [INFO] : Log:

14-10-2018 08:23:12:109 phase1 [INFO] : Summary:
user1:   -1000
user2:   -1000
user0:   -1000
user3:   -1000
user4:   -1000

