14-10-2018 07:13:19:089 phase1 [INFO] : List of users: [user0, user1, user2, user3, user4]
14-10-2018 07:13:19:179 phase1 [INFO] : List of operations:
[AddOperation [recipe=[ftyqqryp, Content--ftyqqryp, user0], timestamp=user0:   0], AddOperation [recipe=[vgrxismv, Content--vgrxismv, user2], timestamp=user2:   0], AddOperation [recipe=[mrtsccko, Content--mrtsccko, user1], timestamp=user1:   0], AddOperation [recipe=[mtxhcsxk, Content--mtxhcsxk, user4], timestamp=user4:   0], AddOperation [recipe=[igutjmas, Content--igutjmas, user2], timestamp=user2:   1], AddOperation [recipe=[enwxuoaq, Content--enwxuoaq, user2], timestamp=user2:   2], AddOperation [recipe=[naenayif, Content--naenayif, user3], timestamp=user3:   0], AddOperation [recipe=[paqhlrar, Content--paqhlrar, user3], timestamp=user3:   1], AddOperation [recipe=[guimxcvn, Content--guimxcvn, user4], timestamp=user4:   1], AddOperation [recipe=[brqcmawf, Content--brqcmawf, user3], timestamp=user3:   2], AddOperation [recipe=[wvfvcioe, Content--wvfvcioe, user0], timestamp=user0:   1], AddOperation [recipe=[jdpmsrot, Content--jdpmsrot, user4], timestamp=user4:   2], AddOperation [recipe=[bycjuiap, Content--bycjuiap, user2], timestamp=user2:   3], AddOperation [recipe=[prrrbyyq, Content--prrrbyyq, user4], timestamp=user4:   3], AddOperation [recipe=[ayxlnxfj, Content--ayxlnxfj, user0], timestamp=user0:   2], AddOperation [recipe=[fbybqmkf, Content--fbybqmkf, user1], timestamp=user1:   1], AddOperation [recipe=[clibbrbl, Content--clibbrbl, user2], timestamp=user2:   4], AddOperation [recipe=[qycxccpi, Content--qycxccpi, user1], timestamp=user1:   2], AddOperation [recipe=[jeqkicvn, Content--jeqkicvn, user0], timestamp=user0:   3], AddOperation [recipe=[gsktxxsh, Content--gsktxxsh, user1], timestamp=user1:   3], AddOperation [recipe=[nhmswiev, Content--nhmswiev, user4], timestamp=user4:   4], AddOperation [recipe=[gjtvehkq, Content--gjtvehkq, user0], timestamp=user0:   4], AddOperation [recipe=[rlretsfx, Content--rlretsfx, user2], timestamp=user2:   5], AddOperation [recipe=[hnsfjsrm, Content--hnsfjsrm, user0], timestamp=user0:   5], AddOperation [recipe=[dtuaotah, Content--dtuaotah, user4], timestamp=user4:   5], AddOperation [recipe=[vqkrfrdd, Content--vqkrfrdd, user2], timestamp=user2:   6], AddOperation [recipe=[hlvdoryn, Content--hlvdoryn, user1], timestamp=user1:   4], AddOperation [recipe=[srhvddam, Content--srhvddam, user2], timestamp=user2:   7], AddOperation [recipe=[jfyqttss, Content--jfyqttss, user4], timestamp=user4:   6], AddOperation [recipe=[tustxmqr, Content--tustxmqr, user0], timestamp=user0:   6], AddOperation [recipe=[vribeukc, Content--vribeukc, user3], timestamp=user3:   3], AddOperation [recipe=[xakmtotn, Content--xakmtotn, user4], timestamp=user4:   7], AddOperation [recipe=[skotncrs, Content--skotncrs, user2], timestamp=user2:   8], AddOperation [recipe=[tluqowex, Content--tluqowex, user2], timestamp=user2:   9], AddOperation [recipe=[lupjjovh, Content--lupjjovh, user3], timestamp=user3:   4], AddOperation [recipe=[qbmyxmeo, Content--qbmyxmeo, user3], timestamp=user3:   5], AddOperation [recipe=[ooqduvgv, Content--ooqduvgv, user4], timestamp=user4:   8], AddOperation [recipe=[hauelsfc, Content--hauelsfc, user1], timestamp=user1:   5], AddOperation [recipe=[jvuacyfw, Content--jvuacyfw, user3], timestamp=user3:   6], AddOperation [recipe=[kpetxjqi, Content--kpetxjqi, user1], timestamp=user1:   6], AddOperation [recipe=[fdfyucma, Content--fdfyucma, user2], timestamp=user2:   10], AddOperation [recipe=[lvckthrq, Content--lvckthrq, user4], timestamp=user4:   9], AddOperation [recipe=[booxoevo, Content--booxoevo, user3], timestamp=user3:   7], AddOperation [recipe=[pytljyec, Content--pytljyec, user4], timestamp=user4:   10], AddOperation [recipe=[cefxgrfy, Content--cefxgrfy, user3], timestamp=user3:   8], AddOperation [recipe=[nikvppdg, Content--nikvppdg, user3], timestamp=user3:   9], AddOperation [recipe=[phmfgbsu, Content--phmfgbsu, user3], timestamp=user3:   10], AddOperation [recipe=[fewjqkrh, Content--fewjqkrh, user3], timestamp=user3:   11], AddOperation [recipe=[yjcaeuhb, Content--yjcaeuhb, user1], timestamp=user1:   7], AddOperation [recipe=[roppuwew, Content--roppuwew, user4], timestamp=user4:   11]]
14-10-2018 07:13:19:181 phase1 [TRACE] : Inserting into Log the operation: AddOperation [recipe=[ftyqqryp, Content--ftyqqryp, user0], timestamp=user0:   0]
14-10-2018 07:13:19:181 phase1 [TRACE] : Log updated:

14-10-2018 07:13:19:182 phase1 [TRACE] : Updating the TimestampVectorInserting with the timestamp: user0:   0
14-10-2018 07:13:19:183 phase1 [TRACE] : Summary updated:
user1:   -1000
user2:   -1000
user0:   -1000
user3:   -1000
user4:   -1000

14-10-2018 07:13:19:183 phase1 [TRACE] : Inserting into Log the operation: AddOperation [recipe=[vgrxismv, Content--vgrxismv, user2], timestamp=user2:   0]
14-10-2018 07:13:19:183 phase1 [TRACE] : Log updated:

14-10-2018 07:13:19:183 phase1 [TRACE] : Updating the TimestampVectorInserting with the timestamp: user2:   0
14-10-2018 07:13:19:184 phase1 [TRACE] : Summary updated:
user1:   -1000
user2:   -1000
user0:   -1000
user3:   -1000
user4:   -1000

14-10-2018 07:13:19:184 phase1 [TRACE] : Inserting into Log the operation: AddOperation [recipe=[mrtsccko, Content--mrtsccko, user1], timestamp=user1:   0]
14-10-2018 07:13:19:185 phase1 [TRACE] : Log updated:

14-10-2018 07:13:19:186 phase1 [TRACE] : Updating the TimestampVectorInserting with the timestamp: user1:   0
14-10-2018 07:13:19:186 phase1 [TRACE] : Summary updated:
user1:   -1000
user2:   -1000
user0:   -1000
user3:   -1000
user4:   -1000

14-10-2018 07:13:19:186 phase1 [TRACE] : Inserting into Log the operation: AddOperation [recipe=[mtxhcsxk, Content--mtxhcsxk, user4], timestamp=user4:   0]
14-10-2018 07:13:19:187 phase1 [TRACE] : Log updated:

14-10-2018 07:13:19:188 phase1 [TRACE] : Updating the TimestampVectorInserting with the timestamp: user4:   0
14-10-2018 07:13:19:192 phase1 [TRACE] : Summary updated:
user1:   -1000
user2:   -1000
user0:   -1000
user3:   -1000
user4:   -1000

14-10-2018 07:13:19:192 phase1 [TRACE] : Inserting into Log the operation: AddOperation [recipe=[igutjmas, Content--igutjmas, user2], timestamp=user2:   1]
14-10-2018 07:13:19:193 phase1 [TRACE] : Log updated:

14-10-2018 07:13:19:194 phase1 [TRACE] : Updating the TimestampVectorInserting with the timestamp: user2:   1
14-10-2018 07:13:19:194 phase1 [TRACE] : Summary updated:
user1:   -1000
user2:   -1000
user0:   -1000
user3:   -1000
user4:   -1000

14-10-2018 07:13:19:195 phase1 [TRACE] : Inserting into Log the operation: AddOperation [recipe=[enwxuoaq, Content--enwxuoaq, user2], timestamp=user2:   2]
14-10-2018 07:13:19:196 phase1 [TRACE] : Log updated:

14-10-2018 07:13:19:196 phase1 [TRACE] : Updating the TimestampVectorInserting with the timestamp: user2:   2
14-10-2018 07:13:19:197 phase1 [TRACE] : Summary updated:
user1:   -1000
user2:   -1000
user0:   -1000
user3:   -1000
user4:   -1000

14-10-2018 07:13:19:197 phase1 [TRACE] : Inserting into Log the operation: AddOperation [recipe=[naenayif, Content--naenayif, user3], timestamp=user3:   0]
14-10-2018 07:13:19:198 phase1 [TRACE] : Log updated:

14-10-2018 07:13:19:198 phase1 [TRACE] : Updating the TimestampVectorInserting with the timestamp: user3:   0
14-10-2018 07:13:19:201 phase1 [TRACE] : Summary updated:
user1:   -1000
user2:   -1000
user0:   -1000
user3:   -1000
user4:   -1000

14-10-2018 07:13:19:203 phase1 [TRACE] : Inserting into Log the operation: AddOperation [recipe=[paqhlrar, Content--paqhlrar, user3], timestamp=user3:   1]
14-10-2018 07:13:19:206 phase1 [TRACE] : Log updated:

14-10-2018 07:13:19:206 phase1 [TRACE] : Updating the TimestampVectorInserting with the timestamp: user3:   1
14-10-2018 07:13:19:206 phase1 [TRACE] : Summary updated:
user1:   -1000
user2:   -1000
user0:   -1000
user3:   -1000
user4:   -1000

14-10-2018 07:13:19:207 phase1 [TRACE] : Inserting into Log the operation: AddOperation [recipe=[guimxcvn, Content--guimxcvn, user4], timestamp=user4:   1]
14-10-2018 07:13:19:207 phase1 [TRACE] : Log updated:

14-10-2018 07:13:19:209 phase1 [TRACE] : Updating the TimestampVectorInserting with the timestamp: user4:   1
14-10-2018 07:13:19:209 phase1 [TRACE] : Summary updated:
user1:   -1000
user2:   -1000
user0:   -1000
user3:   -1000
user4:   -1000

14-10-2018 07:13:19:209 phase1 [TRACE] : Inserting into Log the operation: AddOperation [recipe=[brqcmawf, Content--brqcmawf, user3], timestamp=user3:   2]
14-10-2018 07:13:19:209 phase1 [TRACE] : Log updated:

14-10-2018 07:13:19:214 phase1 [TRACE] : Updating the TimestampVectorInserting with the timestamp: user3:   2
14-10-2018 07:13:19:215 phase1 [TRACE] : Summary updated:
user1:   -1000
user2:   -1000
user0:   -1000
user3:   -1000
user4:   -1000

14-10-2018 07:13:19:216 phase1 [TRACE] : Inserting into Log the operation: AddOperation [recipe=[wvfvcioe, Content--wvfvcioe, user0], timestamp=user0:   1]
14-10-2018 07:13:19:216 phase1 [TRACE] : Log updated:

14-10-2018 07:13:19:216 phase1 [TRACE] : Updating the TimestampVectorInserting with the timestamp: user0:   1
14-10-2018 07:13:19:221 phase1 [TRACE] : Summary updated:
user1:   -1000
user2:   -1000
user0:   -1000
user3:   -1000
user4:   -1000

14-10-2018 07:13:19:221 phase1 [TRACE] : Inserting into Log the operation: AddOperation [recipe=[jdpmsrot, Content--jdpmsrot, user4], timestamp=user4:   2]
14-10-2018 07:13:19:221 phase1 [TRACE] : Log updated:

14-10-2018 07:13:19:221 phase1 [TRACE] : Updating the TimestampVectorInserting with the timestamp: user4:   2
14-10-2018 07:13:19:222 phase1 [TRACE] : Summary updated:
user1:   -1000
user2:   -1000
user0:   -1000
user3:   -1000
user4:   -1000

14-10-2018 07:13:19:222 phase1 [TRACE] : Inserting into Log the operation: AddOperation [recipe=[bycjuiap, Content--bycjuiap, user2], timestamp=user2:   3]
14-10-2018 07:13:19:222 phase1 [TRACE] : Log updated:

14-10-2018 07:13:19:222 phase1 [TRACE] : Updating the TimestampVectorInserting with the timestamp: user2:   3
14-10-2018 07:13:19:223 phase1 [TRACE] : Summary updated:
user1:   -1000
user2:   -1000
user0:   -1000
user3:   -1000
user4:   -1000

14-10-2018 07:13:19:223 phase1 [TRACE] : Inserting into Log the operation: AddOperation [recipe=[prrrbyyq, Content--prrrbyyq, user4], timestamp=user4:   3]
14-10-2018 07:13:19:223 phase1 [TRACE] : Log updated:

14-10-2018 07:13:19:223 phase1 [TRACE] : Updating the TimestampVectorInserting with the timestamp: user4:   3
14-10-2018 07:13:19:224 phase1 [TRACE] : Summary updated:
user1:   -1000
user2:   -1000
user0:   -1000
user3:   -1000
user4:   -1000

14-10-2018 07:13:19:224 phase1 [TRACE] : Inserting into Log the operation: AddOperation [recipe=[ayxlnxfj, Content--ayxlnxfj, user0], timestamp=user0:   2]
14-10-2018 07:13:19:224 phase1 [TRACE] : Log updated:

14-10-2018 07:13:19:224 phase1 [TRACE] : Updating the TimestampVectorInserting with the timestamp: user0:   2
14-10-2018 07:13:19:227 phase1 [TRACE] : Summary updated:
user1:   -1000
user2:   -1000
user0:   -1000
user3:   -1000
user4:   -1000

14-10-2018 07:13:19:227 phase1 [TRACE] : Inserting into Log the operation: AddOperation [recipe=[fbybqmkf, Content--fbybqmkf, user1], timestamp=user1:   1]
14-10-2018 07:13:19:227 phase1 [TRACE] : Log updated:

14-10-2018 07:13:19:228 phase1 [TRACE] : Updating the TimestampVectorInserting with the timestamp: user1:   1
14-10-2018 07:13:19:228 phase1 [TRACE] : Summary updated:
user1:   -1000
user2:   -1000
user0:   -1000
user3:   -1000
user4:   -1000

14-10-2018 07:13:19:228 phase1 [TRACE] : Inserting into Log the operation: AddOperation [recipe=[clibbrbl, Content--clibbrbl, user2], timestamp=user2:   4]
14-10-2018 07:13:19:228 phase1 [TRACE] : Log updated:

14-10-2018 07:13:19:229 phase1 [TRACE] : Updating the TimestampVectorInserting with the timestamp: user2:   4
14-10-2018 07:13:19:229 phase1 [TRACE] : Summary updated:
user1:   -1000
user2:   -1000
user0:   -1000
user3:   -1000
user4:   -1000

14-10-2018 07:13:19:229 phase1 [TRACE] : Inserting into Log the operation: AddOperation [recipe=[qycxccpi, Content--qycxccpi, user1], timestamp=user1:   2]
14-10-2018 07:13:19:229 phase1 [TRACE] : Log updated:

14-10-2018 07:13:19:230 phase1 [TRACE] : Updating the TimestampVectorInserting with the timestamp: user1:   2
14-10-2018 07:13:19:230 phase1 [TRACE] : Summary updated:
user1:   -1000
user2:   -1000
user0:   -1000
user3:   -1000
user4:   -1000

14-10-2018 07:13:19:230 phase1 [TRACE] : Inserting into Log the operation: AddOperation [recipe=[jeqkicvn, Content--jeqkicvn, user0], timestamp=user0:   3]
14-10-2018 07:13:19:230 phase1 [TRACE] : Log updated:

14-10-2018 07:13:19:230 phase1 [TRACE] : Updating the TimestampVectorInserting with the timestamp: user0:   3
14-10-2018 07:13:19:231 phase1 [TRACE] : Summary updated:
user1:   -1000
user2:   -1000
user0:   -1000
user3:   -1000
user4:   -1000

14-10-2018 07:13:19:231 phase1 [TRACE] : Inserting into Log the operation: AddOperation [recipe=[gsktxxsh, Content--gsktxxsh, user1], timestamp=user1:   3]
14-10-2018 07:13:19:231 phase1 [TRACE] : Log updated:

14-10-2018 07:13:19:231 phase1 [TRACE] : Updating the TimestampVectorInserting with the timestamp: user1:   3
14-10-2018 07:13:19:241 phase1 [TRACE] : Summary updated:
user1:   -1000
user2:   -1000
user0:   -1000
user3:   -1000
user4:   -1000

14-10-2018 07:13:19:241 phase1 [TRACE] : Inserting into Log the operation: AddOperation [recipe=[nhmswiev, Content--nhmswiev, user4], timestamp=user4:   4]
14-10-2018 07:13:19:241 phase1 [TRACE] : Log updated:

14-10-2018 07:13:19:242 phase1 [TRACE] : Updating the TimestampVectorInserting with the timestamp: user4:   4
14-10-2018 07:13:19:242 phase1 [TRACE] : Summary updated:
user1:   -1000
user2:   -1000
user0:   -1000
user3:   -1000
user4:   -1000

14-10-2018 07:13:19:242 phase1 [TRACE] : Inserting into Log the operation: AddOperation [recipe=[gjtvehkq, Content--gjtvehkq, user0], timestamp=user0:   4]
14-10-2018 07:13:19:242 phase1 [TRACE] : Log updated:

14-10-2018 07:13:19:242 phase1 [TRACE] : Updating the TimestampVectorInserting with the timestamp: user0:   4
14-10-2018 07:13:19:243 phase1 [TRACE] : Summary updated:
user1:   -1000
user2:   -1000
user0:   -1000
user3:   -1000
user4:   -1000

14-10-2018 07:13:19:243 phase1 [TRACE] : Inserting into Log the operation: AddOperation [recipe=[rlretsfx, Content--rlretsfx, user2], timestamp=user2:   5]
14-10-2018 07:13:19:243 phase1 [TRACE] : Log updated:

14-10-2018 07:13:19:243 phase1 [TRACE] : Updating the TimestampVectorInserting with the timestamp: user2:   5
14-10-2018 07:13:19:244 phase1 [TRACE] : Summary updated:
user1:   -1000
user2:   -1000
user0:   -1000
user3:   -1000
user4:   -1000

14-10-2018 07:13:19:244 phase1 [TRACE] : Inserting into Log the operation: AddOperation [recipe=[hnsfjsrm, Content--hnsfjsrm, user0], timestamp=user0:   5]
14-10-2018 07:13:19:244 phase1 [TRACE] : Log updated:

14-10-2018 07:13:19:244 phase1 [TRACE] : Updating the TimestampVectorInserting with the timestamp: user0:   5
14-10-2018 07:13:19:249 phase1 [TRACE] : Summary updated:
user1:   -1000
user2:   -1000
user0:   -1000
user3:   -1000
user4:   -1000

14-10-2018 07:13:19:249 phase1 [TRACE] : Inserting into Log the operation: AddOperation [recipe=[dtuaotah, Content--dtuaotah, user4], timestamp=user4:   5]
14-10-2018 07:13:19:249 phase1 [TRACE] : Log updated:

14-10-2018 07:13:19:249 phase1 [TRACE] : Updating the TimestampVectorInserting with the timestamp: user4:   5
14-10-2018 07:13:19:250 phase1 [TRACE] : Summary updated:
user1:   -1000
user2:   -1000
user0:   -1000
user3:   -1000
user4:   -1000

14-10-2018 07:13:19:250 phase1 [TRACE] : Inserting into Log the operation: AddOperation [recipe=[vqkrfrdd, Content--vqkrfrdd, user2], timestamp=user2:   6]
14-10-2018 07:13:19:250 phase1 [TRACE] : Log updated:

14-10-2018 07:13:19:250 phase1 [TRACE] : Updating the TimestampVectorInserting with the timestamp: user2:   6
14-10-2018 07:13:19:250 phase1 [TRACE] : Summary updated:
user1:   -1000
user2:   -1000
user0:   -1000
user3:   -1000
user4:   -1000

14-10-2018 07:13:19:256 phase1 [TRACE] : Inserting into Log the operation: AddOperation [recipe=[hlvdoryn, Content--hlvdoryn, user1], timestamp=user1:   4]
14-10-2018 07:13:19:256 phase1 [TRACE] : Log updated:

14-10-2018 07:13:19:256 phase1 [TRACE] : Updating the TimestampVectorInserting with the timestamp: user1:   4
14-10-2018 07:13:19:257 phase1 [TRACE] : Summary updated:
user1:   -1000
user2:   -1000
user0:   -1000
user3:   -1000
user4:   -1000

14-10-2018 07:13:19:257 phase1 [TRACE] : Inserting into Log the operation: AddOperation [recipe=[srhvddam, Content--srhvddam, user2], timestamp=user2:   7]
14-10-2018 07:13:19:257 phase1 [TRACE] : Log updated:

14-10-2018 07:13:19:257 phase1 [TRACE] : Updating the TimestampVectorInserting with the timestamp: user2:   7
14-10-2018 07:13:19:257 phase1 [TRACE] : Summary updated:
user1:   -1000
user2:   -1000
user0:   -1000
user3:   -1000
user4:   -1000

14-10-2018 07:13:19:258 phase1 [TRACE] : Inserting into Log the operation: AddOperation [recipe=[jfyqttss, Content--jfyqttss, user4], timestamp=user4:   6]
14-10-2018 07:13:19:258 phase1 [TRACE] : Log updated:

14-10-2018 07:13:19:258 phase1 [TRACE] : Updating the TimestampVectorInserting with the timestamp: user4:   6
14-10-2018 07:13:19:258 phase1 [TRACE] : Summary updated:
user1:   -1000
user2:   -1000
user0:   -1000
user3:   -1000
user4:   -1000

14-10-2018 07:13:19:258 phase1 [TRACE] : Inserting into Log the operation: AddOperation [recipe=[tustxmqr, Content--tustxmqr, user0], timestamp=user0:   6]
14-10-2018 07:13:19:259 phase1 [TRACE] : Log updated:

14-10-2018 07:13:19:259 phase1 [TRACE] : Updating the TimestampVectorInserting with the timestamp: user0:   6
14-10-2018 07:13:19:259 phase1 [TRACE] : Summary updated:
user1:   -1000
user2:   -1000
user0:   -1000
user3:   -1000
user4:   -1000

14-10-2018 07:13:19:259 phase1 [TRACE] : Inserting into Log the operation: AddOperation [recipe=[vribeukc, Content--vribeukc, user3], timestamp=user3:   3]
14-10-2018 07:13:19:259 phase1 [TRACE] : Log updated:

14-10-2018 07:13:19:260 phase1 [TRACE] : Updating the TimestampVectorInserting with the timestamp: user3:   3
14-10-2018 07:13:19:260 phase1 [TRACE] : Summary updated:
user1:   -1000
user2:   -1000
user0:   -1000
user3:   -1000
user4:   -1000

14-10-2018 07:13:19:260 phase1 [TRACE] : Inserting into Log the operation: AddOperation [recipe=[xakmtotn, Content--xakmtotn, user4], timestamp=user4:   7]
14-10-2018 07:13:19:260 phase1 [TRACE] : Log updated:

14-10-2018 07:13:19:266 phase1 [TRACE] : Updating the TimestampVectorInserting with the timestamp: user4:   7
14-10-2018 07:13:19:266 phase1 [TRACE] : Summary updated:
user1:   -1000
user2:   -1000
user0:   -1000
user3:   -1000
user4:   -1000

14-10-2018 07:13:19:266 phase1 [TRACE] : Inserting into Log the operation: AddOperation [recipe=[skotncrs, Content--skotncrs, user2], timestamp=user2:   8]
14-10-2018 07:13:19:267 phase1 [TRACE] : Log updated:

14-10-2018 07:13:19:267 phase1 [TRACE] : Updating the TimestampVectorInserting with the timestamp: user2:   8
14-10-2018 07:13:19:267 phase1 [TRACE] : Summary updated:
user1:   -1000
user2:   -1000
user0:   -1000
user3:   -1000
user4:   -1000

14-10-2018 07:13:19:268 phase1 [TRACE] : Inserting into Log the operation: AddOperation [recipe=[tluqowex, Content--tluqowex, user2], timestamp=user2:   9]
14-10-2018 07:13:19:268 phase1 [TRACE] : Log updated:

14-10-2018 07:13:19:268 phase1 [TRACE] : Updating the TimestampVectorInserting with the timestamp: user2:   9
14-10-2018 07:13:19:269 phase1 [TRACE] : Summary updated:
user1:   -1000
user2:   -1000
user0:   -1000
user3:   -1000
user4:   -1000

14-10-2018 07:13:19:269 phase1 [TRACE] : Inserting into Log the operation: AddOperation [recipe=[lupjjovh, Content--lupjjovh, user3], timestamp=user3:   4]
14-10-2018 07:13:19:269 phase1 [TRACE] : Log updated:

14-10-2018 07:13:19:270 phase1 [TRACE] : Updating the TimestampVectorInserting with the timestamp: user3:   4
14-10-2018 07:13:19:270 phase1 [TRACE] : Summary updated:
user1:   -1000
user2:   -1000
user0:   -1000
user3:   -1000
user4:   -1000

14-10-2018 07:13:19:270 phase1 [TRACE] : Inserting into Log the operation: AddOperation [recipe=[qbmyxmeo, Content--qbmyxmeo, user3], timestamp=user3:   5]
14-10-2018 07:13:19:270 phase1 [TRACE] : Log updated:

14-10-2018 07:13:19:270 phase1 [TRACE] : Updating the TimestampVectorInserting with the timestamp: user3:   5
14-10-2018 07:13:19:271 phase1 [TRACE] : Summary updated:
user1:   -1000
user2:   -1000
user0:   -1000
user3:   -1000
user4:   -1000

14-10-2018 07:13:19:271 phase1 [TRACE] : Inserting into Log the operation: AddOperation [recipe=[ooqduvgv, Content--ooqduvgv, user4], timestamp=user4:   8]
14-10-2018 07:13:19:271 phase1 [TRACE] : Log updated:

14-10-2018 07:13:19:271 phase1 [TRACE] : Updating the TimestampVectorInserting with the timestamp: user4:   8
14-10-2018 07:13:19:271 phase1 [TRACE] : Summary updated:
user1:   -1000
user2:   -1000
user0:   -1000
user3:   -1000
user4:   -1000

14-10-2018 07:13:19:277 phase1 [TRACE] : Inserting into Log the operation: AddOperation [recipe=[hauelsfc, Content--hauelsfc, user1], timestamp=user1:   5]
14-10-2018 07:13:19:278 phase1 [TRACE] : Log updated:

14-10-2018 07:13:19:278 phase1 [TRACE] : Updating the TimestampVectorInserting with the timestamp: user1:   5
14-10-2018 07:13:19:278 phase1 [TRACE] : Summary updated:
user1:   -1000
user2:   -1000
user0:   -1000
user3:   -1000
user4:   -1000

14-10-2018 07:13:19:278 phase1 [TRACE] : Inserting into Log the operation: AddOperation [recipe=[jvuacyfw, Content--jvuacyfw, user3], timestamp=user3:   6]
14-10-2018 07:13:19:278 phase1 [TRACE] : Log updated:

14-10-2018 07:13:19:279 phase1 [TRACE] : Updating the TimestampVectorInserting with the timestamp: user3:   6
14-10-2018 07:13:19:281 phase1 [TRACE] : Summary updated:
user1:   -1000
user2:   -1000
user0:   -1000
user3:   -1000
user4:   -1000

14-10-2018 07:13:19:282 phase1 [TRACE] : Inserting into Log the operation: AddOperation [recipe=[kpetxjqi, Content--kpetxjqi, user1], timestamp=user1:   6]
14-10-2018 07:13:19:283 phase1 [TRACE] : Log updated:

14-10-2018 07:13:19:284 phase1 [TRACE] : Updating the TimestampVectorInserting with the timestamp: user1:   6
14-10-2018 07:13:19:284 phase1 [TRACE] : Summary updated:
user1:   -1000
user2:   -1000
user0:   -1000
user3:   -1000
user4:   -1000

14-10-2018 07:13:19:284 phase1 [TRACE] : Inserting into Log the operation: AddOperation [recipe=[fdfyucma, Content--fdfyucma, user2], timestamp=user2:   10]
14-10-2018 07:13:19:284 phase1 [TRACE] : Log updated:

14-10-2018 07:13:19:284 phase1 [TRACE] : Updating the TimestampVectorInserting with the timestamp: user2:   10
14-10-2018 07:13:19:285 phase1 [TRACE] : Summary updated:
user1:   -1000
user2:   -1000
user0:   -1000
user3:   -1000
user4:   -1000

14-10-2018 07:13:19:287 phase1 [TRACE] : Inserting into Log the operation: AddOperation [recipe=[lvckthrq, Content--lvckthrq, user4], timestamp=user4:   9]
14-10-2018 07:13:19:287 phase1 [TRACE] : Log updated:

14-10-2018 07:13:19:288 phase1 [TRACE] : Updating the TimestampVectorInserting with the timestamp: user4:   9
14-10-2018 07:13:19:293 phase1 [TRACE] : Summary updated:
user1:   -1000
user2:   -1000
user0:   -1000
user3:   -1000
user4:   -1000

14-10-2018 07:13:19:294 phase1 [TRACE] : Inserting into Log the operation: AddOperation [recipe=[booxoevo, Content--booxoevo, user3], timestamp=user3:   7]
14-10-2018 07:13:19:294 phase1 [TRACE] : Log updated:

14-10-2018 07:13:19:294 phase1 [TRACE] : Updating the TimestampVectorInserting with the timestamp: user3:   7
14-10-2018 07:13:19:294 phase1 [TRACE] : Summary updated:
user1:   -1000
user2:   -1000
user0:   -1000
user3:   -1000
user4:   -1000

14-10-2018 07:13:19:297 phase1 [TRACE] : Inserting into Log the operation: AddOperation [recipe=[pytljyec, Content--pytljyec, user4], timestamp=user4:   10]
14-10-2018 07:13:19:297 phase1 [TRACE] : Log updated:

14-10-2018 07:13:19:297 phase1 [TRACE] : Updating the TimestampVectorInserting with the timestamp: user4:   10
14-10-2018 07:13:19:299 phase1 [TRACE] : Summary updated:
user1:   -1000
user2:   -1000
user0:   -1000
user3:   -1000
user4:   -1000

14-10-2018 07:13:19:304 phase1 [TRACE] : Inserting into Log the operation: AddOperation [recipe=[cefxgrfy, Content--cefxgrfy, user3], timestamp=user3:   8]
14-10-2018 07:13:19:304 phase1 [TRACE] : Log updated:

14-10-2018 07:13:19:305 phase1 [TRACE] : Updating the TimestampVectorInserting with the timestamp: user3:   8
14-10-2018 07:13:19:305 phase1 [TRACE] : Summary updated:
user1:   -1000
user2:   -1000
user0:   -1000
user3:   -1000
user4:   -1000

14-10-2018 07:13:19:305 phase1 [TRACE] : Inserting into Log the operation: AddOperation [recipe=[nikvppdg, Content--nikvppdg, user3], timestamp=user3:   9]
14-10-2018 07:13:19:305 phase1 [TRACE] : Log updated:

14-10-2018 07:13:19:305 phase1 [TRACE] : Updating the TimestampVectorInserting with the timestamp: user3:   9
14-10-2018 07:13:19:306 phase1 [TRACE] : Summary updated:
user1:   -1000
user2:   -1000
user0:   -1000
user3:   -1000
user4:   -1000

14-10-2018 07:13:19:306 phase1 [TRACE] : Inserting into Log the operation: AddOperation [recipe=[phmfgbsu, Content--phmfgbsu, user3], timestamp=user3:   10]
14-10-2018 07:13:19:306 phase1 [TRACE] : Log updated:

14-10-2018 07:13:19:306 phase1 [TRACE] : Updating the TimestampVectorInserting with the timestamp: user3:   10
14-10-2018 07:13:19:306 phase1 [TRACE] : Summary updated:
user1:   -1000
user2:   -1000
user0:   -1000
user3:   -1000
user4:   -1000

14-10-2018 07:13:19:307 phase1 [TRACE] : Inserting into Log the operation: AddOperation [recipe=[fewjqkrh, Content--fewjqkrh, user3], timestamp=user3:   11]
14-10-2018 07:13:19:307 phase1 [TRACE] : Log updated:

14-10-2018 07:13:19:307 phase1 [TRACE] : Updating the TimestampVectorInserting with the timestamp: user3:   11
14-10-2018 07:13:19:307 phase1 [TRACE] : Summary updated:
user1:   -1000
user2:   -1000
user0:   -1000
user3:   -1000
user4:   -1000

14-10-2018 07:13:19:307 phase1 [TRACE] : Inserting into Log the operation: AddOperation [recipe=[yjcaeuhb, Content--yjcaeuhb, user1], timestamp=user1:   7]
14-10-2018 07:13:19:307 phase1 [TRACE] : Log updated:

14-10-2018 07:13:19:308 phase1 [TRACE] : Updating the TimestampVectorInserting with the timestamp: user1:   7
14-10-2018 07:13:19:308 phase1 [TRACE] : Summary updated:
user1:   -1000
user2:   -1000
user0:   -1000
user3:   -1000
user4:   -1000

14-10-2018 07:13:19:308 phase1 [TRACE] : Inserting into Log the operation: AddOperation [recipe=[roppuwew, Content--roppuwew, user4], timestamp=user4:   11]
14-10-2018 07:13:19:308 phase1 [TRACE] : Log updated:

14-10-2018 07:13:19:308 phase1 [TRACE] : Updating the TimestampVectorInserting with the timestamp: user4:   11
14-10-2018 07:13:19:308 phase1 [TRACE] : Summary updated:
user1:   -1000
user2:   -1000
user0:   -1000
user3:   -1000
user4:   -1000

14-10-2018 07:13:19:315 phase1 [INFO] : Log:

14-10-2018 07:13:19:315 phase1 [INFO] : Summary:
user1:   -1000
user2:   -1000
user0:   -1000
user3:   -1000
user4:   -1000

