14-10-2018 08:22:40:031 phase1 [INFO] : List of users: [user0, user1, user2, user3, user4]
14-10-2018 08:22:40:135 phase1 [INFO] : List of operations:
[AddOperation [recipe=[ftyqqryp, Content--ftyqqryp, user0], timestamp=user0:   0], AddOperation [recipe=[vgrxismv, Content--vgrxismv, user2], timestamp=user2:   0], AddOperation [recipe=[mrtsccko, Content--mrtsccko, user1], timestamp=user1:   0], AddOperation [recipe=[mtxhcsxk, Content--mtxhcsxk, user4], timestamp=user4:   0], AddOperation [recipe=[igutjmas, Content--igutjmas, user2], timestamp=user2:   1], AddOperation [recipe=[enwxuoaq, Content--enwxuoaq, user2], timestamp=user2:   2], AddOperation [recipe=[naenayif, Content--naenayif, user3], timestamp=user3:   0], AddOperation [recipe=[paqhlrar, Content--paqhlrar, user3], timestamp=user3:   1], AddOperation [recipe=[guimxcvn, Content--guimxcvn, user4], timestamp=user4:   1], AddOperation [recipe=[brqcmawf, Content--brqcmawf, user3], timestamp=user3:   2], AddOperation [recipe=[wvfvcioe, Content--wvfvcioe, user0], timestamp=user0:   1], AddOperation [recipe=[jdpmsrot, Content--jdpmsrot, user4], timestamp=user4:   2], AddOperation [recipe=[bycjuiap, Content--bycjuiap, user2], timestamp=user2:   3], AddOperation [recipe=[prrrbyyq, Content--prrrbyyq, user4], timestamp=user4:   3], AddOperation [recipe=[ayxlnxfj, Content--ayxlnxfj, user0], timestamp=user0:   2], AddOperation [recipe=[fbybqmkf, Content--fbybqmkf, user1], timestamp=user1:   1], AddOperation [recipe=[clibbrbl, Content--clibbrbl, user2], timestamp=user2:   4], AddOperation [recipe=[qycxccpi, Content--qycxccpi, user1], timestamp=user1:   2], AddOperation [recipe=[jeqkicvn, Content--jeqkicvn, user0], timestamp=user0:   3], AddOperation [recipe=[gsktxxsh, Content--gsktxxsh, user1], timestamp=user1:   3], AddOperation [recipe=[nhmswiev, Content--nhmswiev, user4], timestamp=user4:   4], AddOperation [recipe=[gjtvehkq, Content--gjtvehkq, user0], timestamp=user0:   4], AddOperation [recipe=[rlretsfx, Content--rlretsfx, user2], timestamp=user2:   5], AddOperation [recipe=[hnsfjsrm, Content--hnsfjsrm, user0], timestamp=user0:   5], AddOperation [recipe=[dtuaotah, Content--dtuaotah, user4], timestamp=user4:   5], AddOperation [recipe=[vqkrfrdd, Content--vqkrfrdd, user2], timestamp=user2:   6], AddOperation [recipe=[hlvdoryn, Content--hlvdoryn, user1], timestamp=user1:   4], AddOperation [recipe=[srhvddam, Content--srhvddam, user2], timestamp=user2:   7], AddOperation [recipe=[jfyqttss, Content--jfyqttss, user4], timestamp=user4:   6], AddOperation [recipe=[tustxmqr, Content--tustxmqr, user0], timestamp=user0:   6], AddOperation [recipe=[vribeukc, Content--vribeukc, user3], timestamp=user3:   3], AddOperation [recipe=[xakmtotn, Content--xakmtotn, user4], timestamp=user4:   7], AddOperation [recipe=[skotncrs, Content--skotncrs, user2], timestamp=user2:   8], AddOperation [recipe=[tluqowex, Content--tluqowex, user2], timestamp=user2:   9], AddOperation [recipe=[lupjjovh, Content--lupjjovh, user3], timestamp=user3:   4], AddOperation [recipe=[qbmyxmeo, Content--qbmyxmeo, user3], timestamp=user3:   5], AddOperation [recipe=[ooqduvgv, Content--ooqduvgv, user4], timestamp=user4:   8], AddOperation [recipe=[hauelsfc, Content--hauelsfc, user1], timestamp=user1:   5], AddOperation [recipe=[jvuacyfw, Content--jvuacyfw, user3], timestamp=user3:   6], AddOperation [recipe=[kpetxjqi, Content--kpetxjqi, user1], timestamp=user1:   6], AddOperation [recipe=[fdfyucma, Content--fdfyucma, user2], timestamp=user2:   10], AddOperation [recipe=[lvckthrq, Content--lvckthrq, user4], timestamp=user4:   9], AddOperation [recipe=[booxoevo, Content--booxoevo, user3], timestamp=user3:   7], AddOperation [recipe=[pytljyec, Content--pytljyec, user4], timestamp=user4:   10], AddOperation [recipe=[cefxgrfy, Content--cefxgrfy, user3], timestamp=user3:   8], AddOperation [recipe=[nikvppdg, Content--nikvppdg, user3], timestamp=user3:   9], AddOperation [recipe=[phmfgbsu, Content--phmfgbsu, user3], timestamp=user3:   10], AddOperation [recipe=[fewjqkrh, Content--fewjqkrh, user3], timestamp=user3:   11], AddOperation [recipe=[yjcaeuhb, Content--yjcaeuhb, user1], timestamp=user1:   7], AddOperation [recipe=[roppuwew, Content--roppuwew, user4], timestamp=user4:   11]]
14-10-2018 08:22:40:137 phase1 [TRACE] : Inserting into Log the operation: AddOperation [recipe=[ftyqqryp, Content--ftyqqryp, user0], timestamp=user0:   0]
14-10-2018 08:22:40:137 phase1 [TRACE] : Log updated:

14-10-2018 08:22:40:138 phase1 [TRACE] : Updating the TimestampVectorInserting with the timestamp: user0:   0
14-10-2018 08:22:40:139 phase1 [TRACE] : Summary updated:
user1:   -1000
user2:   -1000
user0:   -1000
user3:   -1000
user4:   -1000

14-10-2018 08:22:40:139 phase1 [TRACE] : Inserting into Log the operation: AddOperation [recipe=[vgrxismv, Content--vgrxismv, user2], timestamp=user2:   0]
14-10-2018 08:22:40:139 phase1 [TRACE] : Log updated:

14-10-2018 08:22:40:139 phase1 [TRACE] : Updating the TimestampVectorInserting with the timestamp: user2:   0
14-10-2018 08:22:40:140 phase1 [TRACE] : Summary updated:
user1:   -1000
user2:   -1000
user0:   -1000
user3:   -1000
user4:   -1000

14-10-2018 08:22:40:140 phase1 [TRACE] : Inserting into Log the operation: AddOperation [recipe=[mrtsccko, Content--mrtsccko, user1], timestamp=user1:   0]
14-10-2018 08:22:40:141 phase1 [TRACE] : Log updated:

14-10-2018 08:22:40:142 phase1 [TRACE] : Updating the TimestampVectorInserting with the timestamp: user1:   0
14-10-2018 08:22:40:142 phase1 [TRACE] : Summary updated:
user1:   -1000
user2:   -1000
user0:   -1000
user3:   -1000
user4:   -1000

14-10-2018 08:22:40:142 phase1 [TRACE] : Inserting into Log the operation: AddOperation [recipe=[mtxhcsxk, Content--mtxhcsxk, user4], timestamp=user4:   0]
14-10-2018 08:22:40:143 phase1 [TRACE] : Log updated:

14-10-2018 08:22:40:144 phase1 [TRACE] : Updating the TimestampVectorInserting with the timestamp: user4:   0
14-10-2018 08:22:40:148 phase1 [TRACE] : Summary updated:
user1:   -1000
user2:   -1000
user0:   -1000
user3:   -1000
user4:   -1000

14-10-2018 08:22:40:148 phase1 [TRACE] : Inserting into Log the operation: AddOperation [recipe=[igutjmas, Content--igutjmas, user2], timestamp=user2:   1]
14-10-2018 08:22:40:150 phase1 [TRACE] : Log updated:

14-10-2018 08:22:40:150 phase1 [TRACE] : Updating the TimestampVectorInserting with the timestamp: user2:   1
14-10-2018 08:22:40:150 phase1 [TRACE] : Summary updated:
user1:   -1000
user2:   -1000
user0:   -1000
user3:   -1000
user4:   -1000

14-10-2018 08:22:40:151 phase1 [TRACE] : Inserting into Log the operation: AddOperation [recipe=[enwxuoaq, Content--enwxuoaq, user2], timestamp=user2:   2]
14-10-2018 08:22:40:152 phase1 [TRACE] : Log updated:

14-10-2018 08:22:40:152 phase1 [TRACE] : Updating the TimestampVectorInserting with the timestamp: user2:   2
14-10-2018 08:22:40:152 phase1 [TRACE] : Summary updated:
user1:   -1000
user2:   -1000
user0:   -1000
user3:   -1000
user4:   -1000

14-10-2018 08:22:40:153 phase1 [TRACE] : Inserting into Log the operation: AddOperation [recipe=[naenayif, Content--naenayif, user3], timestamp=user3:   0]
14-10-2018 08:22:40:153 phase1 [TRACE] : Log updated:

14-10-2018 08:22:40:154 phase1 [TRACE] : Updating the TimestampVectorInserting with the timestamp: user3:   0
14-10-2018 08:22:40:157 phase1 [TRACE] : Summary updated:
user1:   -1000
user2:   -1000
user0:   -1000
user3:   -1000
user4:   -1000

14-10-2018 08:22:40:159 phase1 [TRACE] : Inserting into Log the operation: AddOperation [recipe=[paqhlrar, Content--paqhlrar, user3], timestamp=user3:   1]
14-10-2018 08:22:40:162 phase1 [TRACE] : Log updated:

14-10-2018 08:22:40:162 phase1 [TRACE] : Updating the TimestampVectorInserting with the timestamp: user3:   1
14-10-2018 08:22:40:163 phase1 [TRACE] : Summary updated:
user1:   -1000
user2:   -1000
user0:   -1000
user3:   -1000
user4:   -1000

14-10-2018 08:22:40:163 phase1 [TRACE] : Inserting into Log the operation: AddOperation [recipe=[guimxcvn, Content--guimxcvn, user4], timestamp=user4:   1]
14-10-2018 08:22:40:163 phase1 [TRACE] : Log updated:

14-10-2018 08:22:40:169 phase1 [TRACE] : Updating the TimestampVectorInserting with the timestamp: user4:   1
14-10-2018 08:22:40:169 phase1 [TRACE] : Summary updated:
user1:   -1000
user2:   -1000
user0:   -1000
user3:   -1000
user4:   -1000

14-10-2018 08:22:40:169 phase1 [TRACE] : Inserting into Log the operation: AddOperation [recipe=[brqcmawf, Content--brqcmawf, user3], timestamp=user3:   2]
14-10-2018 08:22:40:170 phase1 [TRACE] : Log updated:

14-10-2018 08:22:40:173 phase1 [TRACE] : Updating the TimestampVectorInserting with the timestamp: user3:   2
14-10-2018 08:22:40:173 phase1 [TRACE] : Summary updated:
user1:   -1000
user2:   -1000
user0:   -1000
user3:   -1000
user4:   -1000

14-10-2018 08:22:40:174 phase1 [TRACE] : Inserting into Log the operation: AddOperation [recipe=[wvfvcioe, Content--wvfvcioe, user0], timestamp=user0:   1]
14-10-2018 08:22:40:174 phase1 [TRACE] : Log updated:

14-10-2018 08:22:40:174 phase1 [TRACE] : Updating the TimestampVectorInserting with the timestamp: user0:   1
14-10-2018 08:22:40:174 phase1 [TRACE] : Summary updated:
user1:   -1000
user2:   -1000
user0:   -1000
user3:   -1000
user4:   -1000

14-10-2018 08:22:40:175 phase1 [TRACE] : Inserting into Log the operation: AddOperation [recipe=[jdpmsrot, Content--jdpmsrot, user4], timestamp=user4:   2]
14-10-2018 08:22:40:175 phase1 [TRACE] : Log updated:

14-10-2018 08:22:40:175 phase1 [TRACE] : Updating the TimestampVectorInserting with the timestamp: user4:   2
14-10-2018 08:22:40:175 phase1 [TRACE] : Summary updated:
user1:   -1000
user2:   -1000
user0:   -1000
user3:   -1000
user4:   -1000

14-10-2018 08:22:40:176 phase1 [TRACE] : Inserting into Log the operation: AddOperation [recipe=[bycjuiap, Content--bycjuiap, user2], timestamp=user2:   3]
14-10-2018 08:22:40:176 phase1 [TRACE] : Log updated:

14-10-2018 08:22:40:176 phase1 [TRACE] : Updating the TimestampVectorInserting with the timestamp: user2:   3
14-10-2018 08:22:40:176 phase1 [TRACE] : Summary updated:
user1:   -1000
user2:   -1000
user0:   -1000
user3:   -1000
user4:   -1000

14-10-2018 08:22:40:176 phase1 [TRACE] : Inserting into Log the operation: AddOperation [recipe=[prrrbyyq, Content--prrrbyyq, user4], timestamp=user4:   3]
14-10-2018 08:22:40:181 phase1 [TRACE] : Log updated:

14-10-2018 08:22:40:181 phase1 [TRACE] : Updating the TimestampVectorInserting with the timestamp: user4:   3
14-10-2018 08:22:40:181 phase1 [TRACE] : Summary updated:
user1:   -1000
user2:   -1000
user0:   -1000
user3:   -1000
user4:   -1000

14-10-2018 08:22:40:182 phase1 [TRACE] : Inserting into Log the operation: AddOperation [recipe=[ayxlnxfj, Content--ayxlnxfj, user0], timestamp=user0:   2]
14-10-2018 08:22:40:182 phase1 [TRACE] : Log updated:

14-10-2018 08:22:40:182 phase1 [TRACE] : Updating the TimestampVectorInserting with the timestamp: user0:   2
14-10-2018 08:22:40:182 phase1 [TRACE] : Summary updated:
user1:   -1000
user2:   -1000
user0:   -1000
user3:   -1000
user4:   -1000

14-10-2018 08:22:40:182 phase1 [TRACE] : Inserting into Log the operation: AddOperation [recipe=[fbybqmkf, Content--fbybqmkf, user1], timestamp=user1:   1]
14-10-2018 08:22:40:183 phase1 [TRACE] : Log updated:

14-10-2018 08:22:40:183 phase1 [TRACE] : Updating the TimestampVectorInserting with the timestamp: user1:   1
14-10-2018 08:22:40:183 phase1 [TRACE] : Summary updated:
user1:   -1000
user2:   -1000
user0:   -1000
user3:   -1000
user4:   -1000

14-10-2018 08:22:40:183 phase1 [TRACE] : Inserting into Log the operation: AddOperation [recipe=[clibbrbl, Content--clibbrbl, user2], timestamp=user2:   4]
14-10-2018 08:22:40:184 phase1 [TRACE] : Log updated:

14-10-2018 08:22:40:184 phase1 [TRACE] : Updating the TimestampVectorInserting with the timestamp: user2:   4
14-10-2018 08:22:40:184 phase1 [TRACE] : Summary updated:
user1:   -1000
user2:   -1000
user0:   -1000
user3:   -1000
user4:   -1000

14-10-2018 08:22:40:184 phase1 [TRACE] : Inserting into Log the operation: AddOperation [recipe=[qycxccpi, Content--qycxccpi, user1], timestamp=user1:   2]
14-10-2018 08:22:40:184 phase1 [TRACE] : Log updated:

14-10-2018 08:22:40:191 phase1 [TRACE] : Updating the TimestampVectorInserting with the timestamp: user1:   2
14-10-2018 08:22:40:192 phase1 [TRACE] : Summary updated:
user1:   -1000
user2:   -1000
user0:   -1000
user3:   -1000
user4:   -1000

14-10-2018 08:22:40:192 phase1 [TRACE] : Inserting into Log the operation: AddOperation [recipe=[jeqkicvn, Content--jeqkicvn, user0], timestamp=user0:   3]
14-10-2018 08:22:40:192 phase1 [TRACE] : Log updated:

14-10-2018 08:22:40:192 phase1 [TRACE] : Updating the TimestampVectorInserting with the timestamp: user0:   3
14-10-2018 08:22:40:192 phase1 [TRACE] : Summary updated:
user1:   -1000
user2:   -1000
user0:   -1000
user3:   -1000
user4:   -1000

14-10-2018 08:22:40:193 phase1 [TRACE] : Inserting into Log the operation: AddOperation [recipe=[gsktxxsh, Content--gsktxxsh, user1], timestamp=user1:   3]
14-10-2018 08:22:40:194 phase1 [TRACE] : Log updated:

14-10-2018 08:22:40:194 phase1 [TRACE] : Updating the TimestampVectorInserting with the timestamp: user1:   3
14-10-2018 08:22:40:194 phase1 [TRACE] : Summary updated:
user1:   -1000
user2:   -1000
user0:   -1000
user3:   -1000
user4:   -1000

14-10-2018 08:22:40:194 phase1 [TRACE] : Inserting into Log the operation: AddOperation [recipe=[nhmswiev, Content--nhmswiev, user4], timestamp=user4:   4]
14-10-2018 08:22:40:194 phase1 [TRACE] : Log updated:

14-10-2018 08:22:40:195 phase1 [TRACE] : Updating the TimestampVectorInserting with the timestamp: user4:   4
14-10-2018 08:22:40:195 phase1 [TRACE] : Summary updated:
user1:   -1000
user2:   -1000
user0:   -1000
user3:   -1000
user4:   -1000

14-10-2018 08:22:40:195 phase1 [TRACE] : Inserting into Log the operation: AddOperation [recipe=[gjtvehkq, Content--gjtvehkq, user0], timestamp=user0:   4]
14-10-2018 08:22:40:199 phase1 [TRACE] : Log updated:

14-10-2018 08:22:40:199 phase1 [TRACE] : Updating the TimestampVectorInserting with the timestamp: user0:   4
14-10-2018 08:22:40:199 phase1 [TRACE] : Summary updated:
user1:   -1000
user2:   -1000
user0:   -1000
user3:   -1000
user4:   -1000

14-10-2018 08:22:40:199 phase1 [TRACE] : Inserting into Log the operation: AddOperation [recipe=[rlretsfx, Content--rlretsfx, user2], timestamp=user2:   5]
14-10-2018 08:22:40:199 phase1 [TRACE] : Log updated:

14-10-2018 08:22:40:200 phase1 [TRACE] : Updating the TimestampVectorInserting with the timestamp: user2:   5
14-10-2018 08:22:40:201 phase1 [TRACE] : Summary updated:
user1:   -1000
user2:   -1000
user0:   -1000
user3:   -1000
user4:   -1000

14-10-2018 08:22:40:201 phase1 [TRACE] : Inserting into Log the operation: AddOperation [recipe=[hnsfjsrm, Content--hnsfjsrm, user0], timestamp=user0:   5]
14-10-2018 08:22:40:202 phase1 [TRACE] : Log updated:

14-10-2018 08:22:40:202 phase1 [TRACE] : Updating the TimestampVectorInserting with the timestamp: user0:   5
14-10-2018 08:22:40:202 phase1 [TRACE] : Summary updated:
user1:   -1000
user2:   -1000
user0:   -1000
user3:   -1000
user4:   -1000

14-10-2018 08:22:40:202 phase1 [TRACE] : Inserting into Log the operation: AddOperation [recipe=[dtuaotah, Content--dtuaotah, user4], timestamp=user4:   5]
14-10-2018 08:22:40:202 phase1 [TRACE] : Log updated:

14-10-2018 08:22:40:203 phase1 [TRACE] : Updating the TimestampVectorInserting with the timestamp: user4:   5
14-10-2018 08:22:40:203 phase1 [TRACE] : Summary updated:
user1:   -1000
user2:   -1000
user0:   -1000
user3:   -1000
user4:   -1000

14-10-2018 08:22:40:203 phase1 [TRACE] : Inserting into Log the operation: AddOperation [recipe=[vqkrfrdd, Content--vqkrfrdd, user2], timestamp=user2:   6]
14-10-2018 08:22:40:203 phase1 [TRACE] : Log updated:

14-10-2018 08:22:40:203 phase1 [TRACE] : Updating the TimestampVectorInserting with the timestamp: user2:   6
14-10-2018 08:22:40:204 phase1 [TRACE] : Summary updated:
user1:   -1000
user2:   -1000
user0:   -1000
user3:   -1000
user4:   -1000

14-10-2018 08:22:40:214 phase1 [TRACE] : Inserting into Log the operation: AddOperation [recipe=[hlvdoryn, Content--hlvdoryn, user1], timestamp=user1:   4]
14-10-2018 08:22:40:214 phase1 [TRACE] : Log updated:

14-10-2018 08:22:40:215 phase1 [TRACE] : Updating the TimestampVectorInserting with the timestamp: user1:   4
14-10-2018 08:22:40:215 phase1 [TRACE] : Summary updated:
user1:   -1000
user2:   -1000
user0:   -1000
user3:   -1000
user4:   -1000

14-10-2018 08:22:40:215 phase1 [TRACE] : Inserting into Log the operation: AddOperation [recipe=[srhvddam, Content--srhvddam, user2], timestamp=user2:   7]
14-10-2018 08:22:40:215 phase1 [TRACE] : Log updated:

14-10-2018 08:22:40:215 phase1 [TRACE] : Updating the TimestampVectorInserting with the timestamp: user2:   7
14-10-2018 08:22:40:216 phase1 [TRACE] : Summary updated:
user1:   -1000
user2:   -1000
user0:   -1000
user3:   -1000
user4:   -1000

14-10-2018 08:22:40:216 phase1 [TRACE] : Inserting into Log the operation: AddOperation [recipe=[jfyqttss, Content--jfyqttss, user4], timestamp=user4:   6]
14-10-2018 08:22:40:216 phase1 [TRACE] : Log updated:

14-10-2018 08:22:40:216 phase1 [TRACE] : Updating the TimestampVectorInserting with the timestamp: user4:   6
14-10-2018 08:22:40:216 phase1 [TRACE] : Summary updated:
user1:   -1000
user2:   -1000
user0:   -1000
user3:   -1000
user4:   -1000

14-10-2018 08:22:40:221 phase1 [TRACE] : Inserting into Log the operation: AddOperation [recipe=[tustxmqr, Content--tustxmqr, user0], timestamp=user0:   6]
14-10-2018 08:22:40:221 phase1 [TRACE] : Log updated:

14-10-2018 08:22:40:221 phase1 [TRACE] : Updating the TimestampVectorInserting with the timestamp: user0:   6
14-10-2018 08:22:40:225 phase1 [TRACE] : Summary updated:
user1:   -1000
user2:   -1000
user0:   -1000
user3:   -1000
user4:   -1000

14-10-2018 08:22:40:225 phase1 [TRACE] : Inserting into Log the operation: AddOperation [recipe=[vribeukc, Content--vribeukc, user3], timestamp=user3:   3]
14-10-2018 08:22:40:225 phase1 [TRACE] : Log updated:

14-10-2018 08:22:40:225 phase1 [TRACE] : Updating the TimestampVectorInserting with the timestamp: user3:   3
14-10-2018 08:22:40:226 phase1 [TRACE] : Summary updated:
user1:   -1000
user2:   -1000
user0:   -1000
user3:   -1000
user4:   -1000

14-10-2018 08:22:40:226 phase1 [TRACE] : Inserting into Log the operation: AddOperation [recipe=[xakmtotn, Content--xakmtotn, user4], timestamp=user4:   7]
14-10-2018 08:22:40:226 phase1 [TRACE] : Log updated:

14-10-2018 08:22:40:226 phase1 [TRACE] : Updating the TimestampVectorInserting with the timestamp: user4:   7
14-10-2018 08:22:40:227 phase1 [TRACE] : Summary updated:
user1:   -1000
user2:   -1000
user0:   -1000
user3:   -1000
user4:   -1000

14-10-2018 08:22:40:231 phase1 [TRACE] : Inserting into Log the operation: AddOperation [recipe=[skotncrs, Content--skotncrs, user2], timestamp=user2:   8]
14-10-2018 08:22:40:231 phase1 [TRACE] : Log updated:

14-10-2018 08:22:40:232 phase1 [TRACE] : Updating the TimestampVectorInserting with the timestamp: user2:   8
14-10-2018 08:22:40:232 phase1 [TRACE] : Summary updated:
user1:   -1000
user2:   -1000
user0:   -1000
user3:   -1000
user4:   -1000

14-10-2018 08:22:40:232 phase1 [TRACE] : Inserting into Log the operation: AddOperation [recipe=[tluqowex, Content--tluqowex, user2], timestamp=user2:   9]
14-10-2018 08:22:40:232 phase1 [TRACE] : Log updated:

14-10-2018 08:22:40:232 phase1 [TRACE] : Updating the TimestampVectorInserting with the timestamp: user2:   9
14-10-2018 08:22:40:233 phase1 [TRACE] : Summary updated:
user1:   -1000
user2:   -1000
user0:   -1000
user3:   -1000
user4:   -1000

14-10-2018 08:22:40:237 phase1 [TRACE] : Inserting into Log the operation: AddOperation [recipe=[lupjjovh, Content--lupjjovh, user3], timestamp=user3:   4]
14-10-2018 08:22:40:237 phase1 [TRACE] : Log updated:

14-10-2018 08:22:40:238 phase1 [TRACE] : Updating the TimestampVectorInserting with the timestamp: user3:   4
14-10-2018 08:22:40:238 phase1 [TRACE] : Summary updated:
user1:   -1000
user2:   -1000
user0:   -1000
user3:   -1000
user4:   -1000

14-10-2018 08:22:40:238 phase1 [TRACE] : Inserting into Log the operation: AddOperation [recipe=[qbmyxmeo, Content--qbmyxmeo, user3], timestamp=user3:   5]
14-10-2018 08:22:40:238 phase1 [TRACE] : Log updated:

14-10-2018 08:22:40:239 phase1 [TRACE] : Updating the TimestampVectorInserting with the timestamp: user3:   5
14-10-2018 08:22:40:239 phase1 [TRACE] : Summary updated:
user1:   -1000
user2:   -1000
user0:   -1000
user3:   -1000
user4:   -1000

14-10-2018 08:22:40:239 phase1 [TRACE] : Inserting into Log the operation: AddOperation [recipe=[ooqduvgv, Content--ooqduvgv, user4], timestamp=user4:   8]
14-10-2018 08:22:40:239 phase1 [TRACE] : Log updated:

14-10-2018 08:22:40:239 phase1 [TRACE] : Updating the TimestampVectorInserting with the timestamp: user4:   8
14-10-2018 08:22:40:241 phase1 [TRACE] : Summary updated:
user1:   -1000
user2:   -1000
user0:   -1000
user3:   -1000
user4:   -1000

14-10-2018 08:22:40:242 phase1 [TRACE] : Inserting into Log the operation: AddOperation [recipe=[hauelsfc, Content--hauelsfc, user1], timestamp=user1:   5]
14-10-2018 08:22:40:243 phase1 [TRACE] : Log updated:

14-10-2018 08:22:40:243 phase1 [TRACE] : Updating the TimestampVectorInserting with the timestamp: user1:   5
14-10-2018 08:22:40:244 phase1 [TRACE] : Summary updated:
user1:   -1000
user2:   -1000
user0:   -1000
user3:   -1000
user4:   -1000

14-10-2018 08:22:40:244 phase1 [TRACE] : Inserting into Log the operation: AddOperation [recipe=[jvuacyfw, Content--jvuacyfw, user3], timestamp=user3:   6]
14-10-2018 08:22:40:244 phase1 [TRACE] : Log updated:

14-10-2018 08:22:40:245 phase1 [TRACE] : Updating the TimestampVectorInserting with the timestamp: user3:   6
14-10-2018 08:22:40:248 phase1 [TRACE] : Summary updated:
user1:   -1000
user2:   -1000
user0:   -1000
user3:   -1000
user4:   -1000

14-10-2018 08:22:40:248 phase1 [TRACE] : Inserting into Log the operation: AddOperation [recipe=[kpetxjqi, Content--kpetxjqi, user1], timestamp=user1:   6]
14-10-2018 08:22:40:249 phase1 [TRACE] : Log updated:

14-10-2018 08:22:40:250 phase1 [TRACE] : Updating the TimestampVectorInserting with the timestamp: user1:   6
14-10-2018 08:22:40:250 phase1 [TRACE] : Summary updated:
user1:   -1000
user2:   -1000
user0:   -1000
user3:   -1000
user4:   -1000

14-10-2018 08:22:40:250 phase1 [TRACE] : Inserting into Log the operation: AddOperation [recipe=[fdfyucma, Content--fdfyucma, user2], timestamp=user2:   10]
14-10-2018 08:22:40:250 phase1 [TRACE] : Log updated:

14-10-2018 08:22:40:251 phase1 [TRACE] : Updating the TimestampVectorInserting with the timestamp: user2:   10
14-10-2018 08:22:40:251 phase1 [TRACE] : Summary updated:
user1:   -1000
user2:   -1000
user0:   -1000
user3:   -1000
user4:   -1000

14-10-2018 08:22:40:251 phase1 [TRACE] : Inserting into Log the operation: AddOperation [recipe=[lvckthrq, Content--lvckthrq, user4], timestamp=user4:   9]
14-10-2018 08:22:40:251 phase1 [TRACE] : Log updated:

14-10-2018 08:22:40:251 phase1 [TRACE] : Updating the TimestampVectorInserting with the timestamp: user4:   9
14-10-2018 08:22:40:257 phase1 [TRACE] : Summary updated:
user1:   -1000
user2:   -1000
user0:   -1000
user3:   -1000
user4:   -1000

14-10-2018 08:22:40:258 phase1 [TRACE] : Inserting into Log the operation: AddOperation [recipe=[booxoevo, Content--booxoevo, user3], timestamp=user3:   7]
14-10-2018 08:22:40:258 phase1 [TRACE] : Log updated:

14-10-2018 08:22:40:258 phase1 [TRACE] : Updating the TimestampVectorInserting with the timestamp: user3:   7
14-10-2018 08:22:40:258 phase1 [TRACE] : Summary updated:
user1:   -1000
user2:   -1000
user0:   -1000
user3:   -1000
user4:   -1000

14-10-2018 08:22:40:259 phase1 [TRACE] : Inserting into Log the operation: AddOperation [recipe=[pytljyec, Content--pytljyec, user4], timestamp=user4:   10]
14-10-2018 08:22:40:259 phase1 [TRACE] : Log updated:

14-10-2018 08:22:40:259 phase1 [TRACE] : Updating the TimestampVectorInserting with the timestamp: user4:   10
14-10-2018 08:22:40:259 phase1 [TRACE] : Summary updated:
user1:   -1000
user2:   -1000
user0:   -1000
user3:   -1000
user4:   -1000

14-10-2018 08:22:40:264 phase1 [TRACE] : Inserting into Log the operation: AddOperation [recipe=[cefxgrfy, Content--cefxgrfy, user3], timestamp=user3:   8]
14-10-2018 08:22:40:265 phase1 [TRACE] : Log updated:

14-10-2018 08:22:40:265 phase1 [TRACE] : Updating the TimestampVectorInserting with the timestamp: user3:   8
14-10-2018 08:22:40:265 phase1 [TRACE] : Summary updated:
user1:   -1000
user2:   -1000
user0:   -1000
user3:   -1000
user4:   -1000

14-10-2018 08:22:40:265 phase1 [TRACE] : Inserting into Log the operation: AddOperation [recipe=[nikvppdg, Content--nikvppdg, user3], timestamp=user3:   9]
14-10-2018 08:22:40:265 phase1 [TRACE] : Log updated:

14-10-2018 08:22:40:266 phase1 [TRACE] : Updating the TimestampVectorInserting with the timestamp: user3:   9
14-10-2018 08:22:40:266 phase1 [TRACE] : Summary updated:
user1:   -1000
user2:   -1000
user0:   -1000
user3:   -1000
user4:   -1000

14-10-2018 08:22:40:266 phase1 [TRACE] : Inserting into Log the operation: AddOperation [recipe=[phmfgbsu, Content--phmfgbsu, user3], timestamp=user3:   10]
14-10-2018 08:22:40:266 phase1 [TRACE] : Log updated:

14-10-2018 08:22:40:266 phase1 [TRACE] : Updating the TimestampVectorInserting with the timestamp: user3:   10
14-10-2018 08:22:40:266 phase1 [TRACE] : Summary updated:
user1:   -1000
user2:   -1000
user0:   -1000
user3:   -1000
user4:   -1000

14-10-2018 08:22:40:267 phase1 [TRACE] : Inserting into Log the operation: AddOperation [recipe=[fewjqkrh, Content--fewjqkrh, user3], timestamp=user3:   11]
14-10-2018 08:22:40:267 phase1 [TRACE] : Log updated:

14-10-2018 08:22:40:267 phase1 [TRACE] : Updating the TimestampVectorInserting with the timestamp: user3:   11
14-10-2018 08:22:40:267 phase1 [TRACE] : Summary updated:
user1:   -1000
user2:   -1000
user0:   -1000
user3:   -1000
user4:   -1000

14-10-2018 08:22:40:267 phase1 [TRACE] : Inserting into Log the operation: AddOperation [recipe=[yjcaeuhb, Content--yjcaeuhb, user1], timestamp=user1:   7]
14-10-2018 08:22:40:267 phase1 [TRACE] : Log updated:

14-10-2018 08:22:40:268 phase1 [TRACE] : Updating the TimestampVectorInserting with the timestamp: user1:   7
14-10-2018 08:22:40:268 phase1 [TRACE] : Summary updated:
user1:   -1000
user2:   -1000
user0:   -1000
user3:   -1000
user4:   -1000

14-10-2018 08:22:40:268 phase1 [TRACE] : Inserting into Log the operation: AddOperation [recipe=[roppuwew, Content--roppuwew, user4], timestamp=user4:   11]
14-10-2018 08:22:40:268 phase1 [TRACE] : Log updated:

14-10-2018 08:22:40:268 phase1 [TRACE] : Updating the TimestampVectorInserting with the timestamp: user4:   11
14-10-2018 08:22:40:268 phase1 [TRACE] : Summary updated:
user1:   -1000
user2:   -1000
user0:   -1000
user3:   -1000
user4:   -1000

14-10-2018 08:22:40:269 phase1 [INFO] : Log:

14-10-2018 08:22:40:273 phase1 [INFO] : Summary:
user1:   -1000
user2:   -1000
user0:   -1000
user3:   -1000
user4:   -1000

